{"/Users/jooniekwun/Documents/DelayGuard/delayguard-app/src/database/connection.ts": {"path":"/Users/jooniekwun/Documents/DelayGuard/delayguard-app/src/database/connection.ts","statementMap":{"0":{"start":{"line":6,"column":0},"end":{"line":6,"column":7}},"1":{"start":{"line":29,"column":0},"end":{"line":29,"column":7}},"2":{"start":{"line":36,"column":0},"end":{"line":36,"column":7}},"3":{"start":{"line":1,"column":0},"end":{"line":1,"column":38}},"4":{"start":{"line":7,"column":2},"end":{"line":26,"column":3}},"5":{"start":{"line":8,"column":4},"end":{"line":14,"column":7}},"6":{"start":{"line":17,"column":19},"end":{"line":17,"column":39}},"7":{"start":{"line":18,"column":4},"end":{"line":18,"column":53}},"8":{"start":{"line":19,"column":4},"end":{"line":19,"column":21}},"9":{"start":{"line":22,"column":4},"end":{"line":22,"column":26}},"10":{"start":{"line":24,"column":4},"end":{"line":24,"column":58}},"11":{"start":{"line":25,"column":4},"end":{"line":25,"column":16}},"12":{"start":{"line":30,"column":2},"end":{"line":32,"column":3}},"13":{"start":{"line":31,"column":4},"end":{"line":31,"column":77}},"14":{"start":{"line":33,"column":2},"end":{"line":33,"column":24}},"15":{"start":{"line":37,"column":17},"end":{"line":37,"column":42}},"16":{"start":{"line":38,"column":2},"end":{"line":43,"column":3}},"17":{"start":{"line":39,"column":19},"end":{"line":39,"column":51}},"18":{"start":{"line":40,"column":4},"end":{"line":40,"column":18}},"19":{"start":{"line":42,"column":4},"end":{"line":42,"column":21}},"20":{"start":{"line":47,"column":17},"end":{"line":47,"column":42}},"21":{"start":{"line":49,"column":2},"end":{"line":142,"column":3}},"22":{"start":{"line":51,"column":4},"end":{"line":60,"column":7}},"23":{"start":{"line":63,"column":4},"end":{"line":77,"column":7}},"24":{"start":{"line":80,"column":4},"end":{"line":93,"column":7}},"25":{"start":{"line":96,"column":4},"end":{"line":110,"column":7}},"26":{"start":{"line":113,"column":4},"end":{"line":125,"column":7}},"27":{"start":{"line":128,"column":4},"end":{"line":134,"column":7}},"28":{"start":{"line":136,"column":4},"end":{"line":136,"column":51}},"29":{"start":{"line":138,"column":4},"end":{"line":138,"column":48}},"30":{"start":{"line":139,"column":4},"end":{"line":139,"column":16}},"31":{"start":{"line":141,"column":4},"end":{"line":141,"column":21}}},"fnMap":{"0":{"name":"setupDatabase","decl":{"start":{"line":6,"column":22},"end":{"line":6,"column":35}},"loc":{"start":{"line":6,"column":35},"end":{"line":27,"column":1}}},"1":{"name":"getDatabaseClient","decl":{"start":{"line":29,"column":22},"end":{"line":29,"column":39}},"loc":{"start":{"line":29,"column":39},"end":{"line":34,"column":1}}},"2":{"name":"query","decl":{"start":{"line":36,"column":22},"end":{"line":36,"column":27}},"loc":{"start":{"line":36,"column":56},"end":{"line":44,"column":1}}},"3":{"name":"runMigrations","decl":{"start":{"line":46,"column":15},"end":{"line":46,"column":28}},"loc":{"start":{"line":46,"column":28},"end":{"line":143,"column":1}}}},"branchMap":{"0":{"loc":{"start":{"line":10,"column":11},"end":{"line":10,"column":88}},"type":"cond-expr","locations":[{"start":{"line":10,"column":51},"end":{"line":10,"column":80}},{"start":{"line":10,"column":83},"end":{"line":10,"column":88}}]},"1":{"loc":{"start":{"line":30,"column":2},"end":{"line":32,"column":3}},"type":"if","locations":[{"start":{"line":30,"column":2},"end":{"line":32,"column":3}}]}},"s":{"0":0,"1":0,"2":0,"3":0,"4":0,"5":0,"6":0,"7":0,"8":0,"9":0,"10":0,"11":0,"12":0,"13":0,"14":0,"15":0,"16":0,"17":0,"18":0,"19":0,"20":0,"21":0,"22":0,"23":0,"24":0,"25":0,"26":0,"27":0,"28":0,"29":0,"30":0,"31":0},"f":{"0":0,"1":0,"2":0,"3":0},"b":{"0":[0,0],"1":[0]}}
,"/Users/jooniekwun/Documents/DelayGuard/delayguard-app/src/database/migrate.ts": {"path":"/Users/jooniekwun/Documents/DelayGuard/delayguard-app/src/database/migrate.ts","statementMap":{"0":{"start":{"line":1,"column":0},"end":{"line":1,"column":45}},"1":{"start":{"line":4,"column":2},"end":{"line":12,"column":3}},"2":{"start":{"line":5,"column":4},"end":{"line":5,"column":53}},"3":{"start":{"line":6,"column":4},"end":{"line":6,"column":26}},"4":{"start":{"line":7,"column":4},"end":{"line":7,"column":64}},"5":{"start":{"line":8,"column":4},"end":{"line":8,"column":20}},"6":{"start":{"line":10,"column":4},"end":{"line":10,"column":48}},"7":{"start":{"line":11,"column":4},"end":{"line":11,"column":20}},"8":{"start":{"line":15,"column":0},"end":{"line":17,"column":1}},"9":{"start":{"line":16,"column":2},"end":{"line":16,"column":12}}},"fnMap":{"0":{"name":"migrate","decl":{"start":{"line":3,"column":15},"end":{"line":3,"column":22}},"loc":{"start":{"line":3,"column":22},"end":{"line":13,"column":1}}}},"branchMap":{"0":{"loc":{"start":{"line":15,"column":0},"end":{"line":17,"column":1}},"type":"if","locations":[{"start":{"line":15,"column":0},"end":{"line":17,"column":1}}]}},"s":{"0":0,"1":0,"2":0,"3":0,"4":0,"5":0,"6":0,"7":0,"8":0,"9":0},"f":{"0":0},"b":{"0":[0]}}
,"/Users/jooniekwun/Documents/DelayGuard/delayguard-app/src/queue/processors/delay-check.ts": {"path":"/Users/jooniekwun/Documents/DelayGuard/delayguard-app/src/queue/processors/delay-check.ts","statementMap":{"0":{"start":{"line":14,"column":0},"end":{"line":14,"column":7}},"1":{"start":{"line":2,"column":0},"end":{"line":2,"column":64}},"2":{"start":{"line":3,"column":0},"end":{"line":3,"column":79}},"3":{"start":{"line":4,"column":0},"end":{"line":4,"column":50}},"4":{"start":{"line":5,"column":0},"end":{"line":5,"column":46}},"5":{"start":{"line":15,"column":63},"end":{"line":15,"column":71}},"6":{"start":{"line":17,"column":2},"end":{"line":98,"column":3}},"7":{"start":{"line":18,"column":4},"end":{"line":18,"column":95}},"8":{"start":{"line":21,"column":24},"end":{"line":26,"column":null}},"9":{"start":{"line":29,"column":4},"end":{"line":31,"column":5}},"10":{"start":{"line":30,"column":6},"end":{"line":30,"column":52}},"11":{"start":{"line":33,"column":18},"end":{"line":33,"column":37}},"12":{"start":{"line":36,"column":27},"end":{"line":36,"column":47}},"13":{"start":{"line":37,"column":34},"end":{"line":37,"column":61}},"14":{"start":{"line":40,"column":25},"end":{"line":40,"column":90}},"15":{"start":{"line":43,"column":24},"end":{"line":43,"column":80}},"16":{"start":{"line":45,"column":4},"end":{"line":87,"column":5}},"17":{"start":{"line":46,"column":6},"end":{"line":46,"column":88}},"18":{"start":{"line":49,"column":24},"end":{"line":49,"column":50}},"19":{"start":{"line":50,"column":6},"end":{"line":84,"column":7}},"20":{"start":{"line":52,"column":8},"end":{"line":68,"column":10}},"21":{"start":{"line":71,"column":8},"end":{"line":83,"column":9}},"22":{"start":{"line":72,"column":10},"end":{"line":82,"column":13}},"23":{"start":{"line":86,"column":6},"end":{"line":86,"column":62}},"24":{"start":{"line":90,"column":4},"end":{"line":93,"column":6}},"25":{"start":{"line":96,"column":4},"end":{"line":96,"column":81}},"26":{"start":{"line":97,"column":4},"end":{"line":97,"column":16}}},"fnMap":{"0":{"name":"processDelayCheck","decl":{"start":{"line":14,"column":22},"end":{"line":14,"column":39}},"loc":{"start":{"line":14,"column":67},"end":{"line":99,"column":1}}}},"branchMap":{"0":{"loc":{"start":{"line":29,"column":4},"end":{"line":31,"column":5}},"type":"if","locations":[{"start":{"line":29,"column":4},"end":{"line":31,"column":5}}]},"1":{"loc":{"start":{"line":45,"column":4},"end":{"line":87,"column":5}},"type":"if","locations":[{"start":{"line":45,"column":4},"end":{"line":87,"column":5}},{"start":{"line":85,"column":11},"end":{"line":87,"column":5}}]},"2":{"loc":{"start":{"line":49,"column":24},"end":{"line":49,"column":50}},"type":"binary-expr","locations":[{"start":{"line":49,"column":24},"end":{"line":49,"column":45}},{"start":{"line":49,"column":49},"end":{"line":49,"column":50}}]},"3":{"loc":{"start":{"line":50,"column":6},"end":{"line":84,"column":7}},"type":"if","locations":[{"start":{"line":50,"column":6},"end":{"line":84,"column":7}}]},"4":{"loc":{"start":{"line":71,"column":8},"end":{"line":83,"column":9}},"type":"if","locations":[{"start":{"line":71,"column":8},"end":{"line":83,"column":9}}]},"5":{"loc":{"start":{"line":71,"column":12},"end":{"line":71,"column":52}},"type":"binary-expr","locations":[{"start":{"line":71,"column":12},"end":{"line":71,"column":31}},{"start":{"line":71,"column":35},"end":{"line":71,"column":52}}]},"6":{"loc":{"start":{"line":77,"column":27},"end":{"line":77,"column":103}},"type":"binary-expr","locations":[{"start":{"line":77,"column":27},"end":{"line":77,"column":51}},{"start":{"line":77,"column":55},"end":{"line":77,"column":103}}]}},"s":{"0":0,"1":0,"2":0,"3":0,"4":0,"5":0,"6":0,"7":0,"8":0,"9":0,"10":0,"11":0,"12":0,"13":0,"14":0,"15":0,"16":0,"17":0,"18":0,"19":0,"20":0,"21":0,"22":0,"23":0,"24":0,"25":0,"26":0},"f":{"0":0},"b":{"0":[0],"1":[0,0],"2":[0,0],"3":[0],"4":[0],"5":[0,0],"6":[0,0]}}
,"/Users/jooniekwun/Documents/DelayGuard/delayguard-app/src/queue/processors/notification.ts": {"path":"/Users/jooniekwun/Documents/DelayGuard/delayguard-app/src/queue/processors/notification.ts","statementMap":{"0":{"start":{"line":20,"column":0},"end":{"line":20,"column":7}},"1":{"start":{"line":2,"column":0},"end":{"line":2,"column":74}},"2":{"start":{"line":3,"column":0},"end":{"line":3,"column":60}},"3":{"start":{"line":4,"column":0},"end":{"line":4,"column":56}},"4":{"start":{"line":5,"column":0},"end":{"line":5,"column":50}},"5":{"start":{"line":21,"column":48},"end":{"line":21,"column":56}},"6":{"start":{"line":23,"column":2},"end":{"line":125,"column":3}},"7":{"start":{"line":24,"column":4},"end":{"line":24,"column":67}},"8":{"start":{"line":27,"column":24},"end":{"line":32,"column":null}},"9":{"start":{"line":35,"column":4},"end":{"line":37,"column":5}},"10":{"start":{"line":36,"column":6},"end":{"line":36,"column":52}},"11":{"start":{"line":39,"column":18},"end":{"line":39,"column":37}},"12":{"start":{"line":42,"column":24},"end":{"line":44,"column":null}},"13":{"start":{"line":47,"column":4},"end":{"line":49,"column":5}},"14":{"start":{"line":48,"column":6},"end":{"line":48,"column":67}},"15":{"start":{"line":51,"column":18},"end":{"line":51,"column":37}},"16":{"start":{"line":54,"column":25},"end":{"line":54,"column":72}},"17":{"start":{"line":55,"column":23},"end":{"line":58,"column":null}},"18":{"start":{"line":60,"column":32},"end":{"line":60,"column":81}},"19":{"start":{"line":63,"column":22},"end":{"line":71,"column":6}},"20":{"start":{"line":74,"column":38},"end":{"line":74,"column":40}},"21":{"start":{"line":76,"column":4},"end":{"line":92,"column":5}},"22":{"start":{"line":77,"column":6},"end":{"line":91,"column":8}},"23":{"start":{"line":81,"column":12},"end":{"line":84,"column":14}},"24":{"start":{"line":85,"column":12},"end":{"line":85,"column":61}},"25":{"start":{"line":88,"column":12},"end":{"line":88,"column":81}},"26":{"start":{"line":89,"column":12},"end":{"line":89,"column":24}},"27":{"start":{"line":94,"column":4},"end":{"line":110,"column":5}},"28":{"start":{"line":95,"column":6},"end":{"line":109,"column":8}},"29":{"start":{"line":99,"column":12},"end":{"line":102,"column":14}},"30":{"start":{"line":103,"column":12},"end":{"line":103,"column":59}},"31":{"start":{"line":106,"column":12},"end":{"line":106,"column":79}},"32":{"start":{"line":107,"column":12},"end":{"line":107,"column":24}},"33":{"start":{"line":112,"column":4},"end":{"line":115,"column":5}},"34":{"start":{"line":113,"column":6},"end":{"line":113,"column":70}},"35":{"start":{"line":114,"column":6},"end":{"line":114,"column":13}},"36":{"start":{"line":118,"column":4},"end":{"line":118,"column":32}},"37":{"start":{"line":120,"column":4},"end":{"line":120,"column":70}},"38":{"start":{"line":123,"column":4},"end":{"line":123,"column":82}},"39":{"start":{"line":124,"column":4},"end":{"line":124,"column":16}}},"fnMap":{"0":{"name":"processNotification","decl":{"start":{"line":20,"column":22},"end":{"line":20,"column":41}},"loc":{"start":{"line":20,"column":71},"end":{"line":126,"column":1}}},"1":{"name":"(anonymous_1)","decl":{"start":{"line":79,"column":16},"end":{"line":79,"column":21}},"loc":{"start":{"line":79,"column":27},"end":{"line":86,"column":11}}},"2":{"name":"(anonymous_2)","decl":{"start":{"line":87,"column":17},"end":{"line":87,"column":22}},"loc":{"start":{"line":87,"column":25},"end":{"line":90,"column":11}}},"3":{"name":"(anonymous_3)","decl":{"start":{"line":97,"column":16},"end":{"line":97,"column":21}},"loc":{"start":{"line":97,"column":27},"end":{"line":104,"column":11}}},"4":{"name":"(anonymous_4)","decl":{"start":{"line":105,"column":17},"end":{"line":105,"column":22}},"loc":{"start":{"line":105,"column":25},"end":{"line":108,"column":11}}}},"branchMap":{"0":{"loc":{"start":{"line":35,"column":4},"end":{"line":37,"column":5}},"type":"if","locations":[{"start":{"line":35,"column":4},"end":{"line":37,"column":5}}]},"1":{"loc":{"start":{"line":47,"column":4},"end":{"line":49,"column":5}},"type":"if","locations":[{"start":{"line":47,"column":4},"end":{"line":49,"column":5}}]},"2":{"loc":{"start":{"line":76,"column":4},"end":{"line":92,"column":5}},"type":"if","locations":[{"start":{"line":76,"column":4},"end":{"line":92,"column":5}}]},"3":{"loc":{"start":{"line":76,"column":8},"end":{"line":76,"column":72}},"type":"binary-expr","locations":[{"start":{"line":76,"column":8},"end":{"line":76,"column":27}},{"start":{"line":76,"column":31},"end":{"line":76,"column":51}},{"start":{"line":76,"column":55},"end":{"line":76,"column":72}}]},"4":{"loc":{"start":{"line":94,"column":4},"end":{"line":110,"column":5}},"type":"if","locations":[{"start":{"line":94,"column":4},"end":{"line":110,"column":5}}]},"5":{"loc":{"start":{"line":94,"column":8},"end":{"line":94,"column":68}},"type":"binary-expr","locations":[{"start":{"line":94,"column":8},"end":{"line":94,"column":25}},{"start":{"line":94,"column":29},"end":{"line":94,"column":49}},{"start":{"line":94,"column":53},"end":{"line":94,"column":68}}]},"6":{"loc":{"start":{"line":112,"column":4},"end":{"line":115,"column":5}},"type":"if","locations":[{"start":{"line":112,"column":4},"end":{"line":115,"column":5}}]}},"s":{"0":0,"1":0,"2":0,"3":0,"4":0,"5":0,"6":0,"7":0,"8":0,"9":0,"10":0,"11":0,"12":0,"13":0,"14":0,"15":0,"16":0,"17":0,"18":0,"19":0,"20":0,"21":0,"22":0,"23":0,"24":0,"25":0,"26":0,"27":0,"28":0,"29":0,"30":0,"31":0,"32":0,"33":0,"34":0,"35":0,"36":0,"37":0,"38":0,"39":0},"f":{"0":0,"1":0,"2":0,"3":0,"4":0},"b":{"0":[0],"1":[0],"2":[0],"3":[0,0,0],"4":[0],"5":[0,0,0],"6":[0]}}
,"/Users/jooniekwun/Documents/DelayGuard/delayguard-app/src/routes/analytics.ts": {"path":"/Users/jooniekwun/Documents/DelayGuard/delayguard-app/src/routes/analytics.ts","statementMap":{"0":{"start":{"line":1,"column":0},"end":{"line":1,"column":32}},"1":{"start":{"line":2,"column":0},"end":{"line":2,"column":65}},"2":{"start":{"line":3,"column":0},"end":{"line":3,"column":35}},"3":{"start":{"line":5,"column":15},"end":{"line":5,"column":27}},"4":{"start":{"line":215,"column":19},"end":{"line":215,"column":34}},"5":{"start":{"line":6,"column":25},"end":{"line":6,"column":53}},"6":{"start":{"line":9,"column":0},"end":{"line":36,"column":3}},"7":{"start":{"line":10,"column":2},"end":{"line":35,"column":3}},"8":{"start":{"line":11,"column":19},"end":{"line":11,"column":69}},"9":{"start":{"line":12,"column":22},"end":{"line":12,"column":81}},"10":{"start":{"line":14,"column":4},"end":{"line":18,"column":5}},"11":{"start":{"line":15,"column":6},"end":{"line":15,"column":23}},"12":{"start":{"line":16,"column":6},"end":{"line":16,"column":50}},"13":{"start":{"line":17,"column":6},"end":{"line":17,"column":13}},"14":{"start":{"line":20,"column":20},"end":{"line":20,"column":81}},"15":{"start":{"line":22,"column":4},"end":{"line":27,"column":6}},"16":{"start":{"line":29,"column":4},"end":{"line":29,"column":45}},"17":{"start":{"line":30,"column":4},"end":{"line":30,"column":21}},"18":{"start":{"line":31,"column":4},"end":{"line":34,"column":6}},"19":{"start":{"line":39,"column":0},"end":{"line":64,"column":3}},"20":{"start":{"line":40,"column":2},"end":{"line":63,"column":3}},"21":{"start":{"line":41,"column":19},"end":{"line":41,"column":69}},"22":{"start":{"line":43,"column":4},"end":{"line":47,"column":5}},"23":{"start":{"line":44,"column":6},"end":{"line":44,"column":23}},"24":{"start":{"line":45,"column":6},"end":{"line":45,"column":50}},"25":{"start":{"line":46,"column":6},"end":{"line":46,"column":13}},"26":{"start":{"line":49,"column":20},"end":{"line":49,"column":69}},"27":{"start":{"line":51,"column":4},"end":{"line":55,"column":6}},"28":{"start":{"line":57,"column":4},"end":{"line":57,"column":55}},"29":{"start":{"line":58,"column":4},"end":{"line":58,"column":21}},"30":{"start":{"line":59,"column":4},"end":{"line":62,"column":6}},"31":{"start":{"line":67,"column":0},"end":{"line":119,"column":3}},"32":{"start":{"line":68,"column":2},"end":{"line":118,"column":3}},"33":{"start":{"line":69,"column":19},"end":{"line":69,"column":69}},"34":{"start":{"line":71,"column":4},"end":{"line":75,"column":5}},"35":{"start":{"line":72,"column":6},"end":{"line":72,"column":23}},"36":{"start":{"line":73,"column":6},"end":{"line":73,"column":50}},"37":{"start":{"line":74,"column":6},"end":{"line":74,"column":13}},"38":{"start":{"line":77,"column":32},"end":{"line":80,"column":6}},"39":{"start":{"line":82,"column":20},"end":{"line":104,"column":6}},"40":{"start":{"line":106,"column":4},"end":{"line":110,"column":6}},"41":{"start":{"line":112,"column":4},"end":{"line":112,"column":53}},"42":{"start":{"line":113,"column":4},"end":{"line":113,"column":21}},"43":{"start":{"line":114,"column":4},"end":{"line":117,"column":6}},"44":{"start":{"line":122,"column":0},"end":{"line":146,"column":3}},"45":{"start":{"line":123,"column":2},"end":{"line":145,"column":3}},"46":{"start":{"line":124,"column":19},"end":{"line":124,"column":69}},"47":{"start":{"line":126,"column":4},"end":{"line":130,"column":5}},"48":{"start":{"line":127,"column":6},"end":{"line":127,"column":23}},"49":{"start":{"line":128,"column":6},"end":{"line":128,"column":50}},"50":{"start":{"line":129,"column":6},"end":{"line":129,"column":13}},"51":{"start":{"line":132,"column":4},"end":{"line":132,"column":46}},"52":{"start":{"line":134,"column":4},"end":{"line":137,"column":6}},"53":{"start":{"line":139,"column":4},"end":{"line":139,"column":47}},"54":{"start":{"line":140,"column":4},"end":{"line":140,"column":21}},"55":{"start":{"line":141,"column":4},"end":{"line":144,"column":6}},"56":{"start":{"line":149,"column":0},"end":{"line":185,"column":3}},"57":{"start":{"line":150,"column":2},"end":{"line":184,"column":3}},"58":{"start":{"line":151,"column":19},"end":{"line":151,"column":69}},"59":{"start":{"line":152,"column":19},"end":{"line":152,"column":63}},"60":{"start":{"line":153,"column":22},"end":{"line":153,"column":81}},"61":{"start":{"line":155,"column":4},"end":{"line":159,"column":5}},"62":{"start":{"line":156,"column":6},"end":{"line":156,"column":23}},"63":{"start":{"line":157,"column":6},"end":{"line":157,"column":50}},"64":{"start":{"line":158,"column":6},"end":{"line":158,"column":13}},"65":{"start":{"line":161,"column":20},"end":{"line":161,"column":81}},"66":{"start":{"line":163,"column":4},"end":{"line":176,"column":5}},"67":{"start":{"line":165,"column":22},"end":{"line":165,"column":43}},"68":{"start":{"line":166,"column":6},"end":{"line":166,"column":42}},"69":{"start":{"line":167,"column":6},"end":{"line":167,"column":101}},"70":{"start":{"line":168,"column":6},"end":{"line":168,"column":25}},"71":{"start":{"line":170,"column":6},"end":{"line":175,"column":8}},"72":{"start":{"line":178,"column":4},"end":{"line":178,"column":52}},"73":{"start":{"line":179,"column":4},"end":{"line":179,"column":21}},"74":{"start":{"line":180,"column":4},"end":{"line":183,"column":6}},"75":{"start":{"line":188,"column":18},"end":{"line":192,"column":4}},"76":{"start":{"line":194,"column":15},"end":{"line":206,"column":4}},"77":{"start":{"line":208,"column":21},"end":{"line":210,"column":15}},"78":{"start":{"line":209,"column":16},"end":{"line":209,"column":54}},"79":{"start":{"line":209,"column":32},"end":{"line":209,"column":43}},"80":{"start":{"line":212,"column":2},"end":{"line":212,"column":20}}},"fnMap":{"0":{"name":"(anonymous_1)","decl":{"start":{"line":9,"column":25},"end":{"line":9,"column":30}},"loc":{"start":{"line":9,"column":39},"end":{"line":36,"column":1}}},"1":{"name":"(anonymous_2)","decl":{"start":{"line":39,"column":34},"end":{"line":39,"column":39}},"loc":{"start":{"line":39,"column":48},"end":{"line":64,"column":1}}},"2":{"name":"(anonymous_3)","decl":{"start":{"line":67,"column":33},"end":{"line":67,"column":38}},"loc":{"start":{"line":67,"column":47},"end":{"line":119,"column":1}}},"3":{"name":"(anonymous_4)","decl":{"start":{"line":122,"column":34},"end":{"line":122,"column":39}},"loc":{"start":{"line":122,"column":48},"end":{"line":146,"column":1}}},"4":{"name":"(anonymous_5)","decl":{"start":{"line":149,"column":32},"end":{"line":149,"column":37}},"loc":{"start":{"line":149,"column":46},"end":{"line":185,"column":1}}},"5":{"name":"convertToCSV","decl":{"start":{"line":187,"column":9},"end":{"line":187,"column":21}},"loc":{"start":{"line":187,"column":34},"end":{"line":213,"column":1}}},"6":{"name":"(anonymous_7)","decl":{"start":{"line":209,"column":9},"end":{"line":209,"column":12}},"loc":{"start":{"line":209,"column":16},"end":{"line":209,"column":54}}},"7":{"name":"(anonymous_8)","decl":{"start":{"line":209,"column":24},"end":{"line":209,"column":28}},"loc":{"start":{"line":209,"column":32},"end":{"line":209,"column":43}}}},"branchMap":{"0":{"loc":{"start":{"line":11,"column":19},"end":{"line":11,"column":69}},"type":"binary-expr","locations":[{"start":{"line":11,"column":19},"end":{"line":11,"column":51}},{"start":{"line":11,"column":55},"end":{"line":11,"column":69}}]},"1":{"loc":{"start":{"line":12,"column":22},"end":{"line":12,"column":81}},"type":"binary-expr","locations":[{"start":{"line":12,"column":22},"end":{"line":12,"column":72}},{"start":{"line":12,"column":76},"end":{"line":12,"column":81}}]},"2":{"loc":{"start":{"line":14,"column":4},"end":{"line":18,"column":5}},"type":"if","locations":[{"start":{"line":14,"column":4},"end":{"line":18,"column":5}}]},"3":{"loc":{"start":{"line":33,"column":15},"end":{"line":33,"column":126}},"type":"cond-expr","locations":[{"start":{"line":33,"column":57},"end":{"line":33,"column":113}},{"start":{"line":33,"column":117},"end":{"line":33,"column":126}}]},"4":{"loc":{"start":{"line":33,"column":57},"end":{"line":33,"column":113}},"type":"cond-expr","locations":[{"start":{"line":33,"column":82},"end":{"line":33,"column":95}},{"start":{"line":33,"column":98},"end":{"line":33,"column":113}}]},"5":{"loc":{"start":{"line":41,"column":19},"end":{"line":41,"column":69}},"type":"binary-expr","locations":[{"start":{"line":41,"column":19},"end":{"line":41,"column":51}},{"start":{"line":41,"column":55},"end":{"line":41,"column":69}}]},"6":{"loc":{"start":{"line":43,"column":4},"end":{"line":47,"column":5}},"type":"if","locations":[{"start":{"line":43,"column":4},"end":{"line":47,"column":5}}]},"7":{"loc":{"start":{"line":61,"column":15},"end":{"line":61,"column":126}},"type":"cond-expr","locations":[{"start":{"line":61,"column":57},"end":{"line":61,"column":113}},{"start":{"line":61,"column":117},"end":{"line":61,"column":126}}]},"8":{"loc":{"start":{"line":61,"column":57},"end":{"line":61,"column":113}},"type":"cond-expr","locations":[{"start":{"line":61,"column":82},"end":{"line":61,"column":95}},{"start":{"line":61,"column":98},"end":{"line":61,"column":113}}]},"9":{"loc":{"start":{"line":69,"column":19},"end":{"line":69,"column":69}},"type":"binary-expr","locations":[{"start":{"line":69,"column":19},"end":{"line":69,"column":51}},{"start":{"line":69,"column":55},"end":{"line":69,"column":69}}]},"10":{"loc":{"start":{"line":71,"column":4},"end":{"line":75,"column":5}},"type":"if","locations":[{"start":{"line":71,"column":4},"end":{"line":75,"column":5}}]},"11":{"loc":{"start":{"line":116,"column":15},"end":{"line":116,"column":126}},"type":"cond-expr","locations":[{"start":{"line":116,"column":57},"end":{"line":116,"column":113}},{"start":{"line":116,"column":117},"end":{"line":116,"column":126}}]},"12":{"loc":{"start":{"line":116,"column":57},"end":{"line":116,"column":113}},"type":"cond-expr","locations":[{"start":{"line":116,"column":82},"end":{"line":116,"column":95}},{"start":{"line":116,"column":98},"end":{"line":116,"column":113}}]},"13":{"loc":{"start":{"line":124,"column":19},"end":{"line":124,"column":69}},"type":"binary-expr","locations":[{"start":{"line":124,"column":19},"end":{"line":124,"column":51}},{"start":{"line":124,"column":55},"end":{"line":124,"column":69}}]},"14":{"loc":{"start":{"line":126,"column":4},"end":{"line":130,"column":5}},"type":"if","locations":[{"start":{"line":126,"column":4},"end":{"line":130,"column":5}}]},"15":{"loc":{"start":{"line":143,"column":15},"end":{"line":143,"column":126}},"type":"cond-expr","locations":[{"start":{"line":143,"column":57},"end":{"line":143,"column":113}},{"start":{"line":143,"column":117},"end":{"line":143,"column":126}}]},"16":{"loc":{"start":{"line":143,"column":57},"end":{"line":143,"column":113}},"type":"cond-expr","locations":[{"start":{"line":143,"column":82},"end":{"line":143,"column":95}},{"start":{"line":143,"column":98},"end":{"line":143,"column":113}}]},"17":{"loc":{"start":{"line":151,"column":19},"end":{"line":151,"column":69}},"type":"binary-expr","locations":[{"start":{"line":151,"column":19},"end":{"line":151,"column":51}},{"start":{"line":151,"column":55},"end":{"line":151,"column":69}}]},"18":{"loc":{"start":{"line":152,"column":19},"end":{"line":152,"column":63}},"type":"binary-expr","locations":[{"start":{"line":152,"column":19},"end":{"line":152,"column":53}},{"start":{"line":152,"column":57},"end":{"line":152,"column":63}}]},"19":{"loc":{"start":{"line":153,"column":22},"end":{"line":153,"column":81}},"type":"binary-expr","locations":[{"start":{"line":153,"column":22},"end":{"line":153,"column":72}},{"start":{"line":153,"column":76},"end":{"line":153,"column":81}}]},"20":{"loc":{"start":{"line":155,"column":4},"end":{"line":159,"column":5}},"type":"if","locations":[{"start":{"line":155,"column":4},"end":{"line":159,"column":5}}]},"21":{"loc":{"start":{"line":163,"column":4},"end":{"line":176,"column":5}},"type":"if","locations":[{"start":{"line":163,"column":4},"end":{"line":176,"column":5}},{"start":{"line":169,"column":11},"end":{"line":176,"column":5}}]},"22":{"loc":{"start":{"line":182,"column":15},"end":{"line":182,"column":126}},"type":"cond-expr","locations":[{"start":{"line":182,"column":57},"end":{"line":182,"column":113}},{"start":{"line":182,"column":117},"end":{"line":182,"column":126}}]},"23":{"loc":{"start":{"line":182,"column":57},"end":{"line":182,"column":113}},"type":"cond-expr","locations":[{"start":{"line":182,"column":82},"end":{"line":182,"column":95}},{"start":{"line":182,"column":98},"end":{"line":182,"column":113}}]}},"s":{"0":0,"1":0,"2":0,"3":0,"4":0,"5":0,"6":0,"7":0,"8":0,"9":0,"10":0,"11":0,"12":0,"13":0,"14":0,"15":0,"16":0,"17":0,"18":0,"19":0,"20":0,"21":0,"22":0,"23":0,"24":0,"25":0,"26":0,"27":0,"28":0,"29":0,"30":0,"31":0,"32":0,"33":0,"34":0,"35":0,"36":0,"37":0,"38":0,"39":0,"40":0,"41":0,"42":0,"43":0,"44":0,"45":0,"46":0,"47":0,"48":0,"49":0,"50":0,"51":0,"52":0,"53":0,"54":0,"55":0,"56":0,"57":0,"58":0,"59":0,"60":0,"61":0,"62":0,"63":0,"64":0,"65":0,"66":0,"67":0,"68":0,"69":0,"70":0,"71":0,"72":0,"73":0,"74":0,"75":0,"76":0,"77":0,"78":0,"79":0,"80":0},"f":{"0":0,"1":0,"2":0,"3":0,"4":0,"5":0,"6":0,"7":0},"b":{"0":[0,0],"1":[0,0],"2":[0],"3":[0,0],"4":[0,0],"5":[0,0],"6":[0],"7":[0,0],"8":[0,0],"9":[0,0],"10":[0],"11":[0,0],"12":[0,0],"13":[0,0],"14":[0],"15":[0,0],"16":[0,0],"17":[0,0],"18":[0,0],"19":[0,0],"20":[0],"21":[0,0],"22":[0,0],"23":[0,0]}}
,"/Users/jooniekwun/Documents/DelayGuard/delayguard-app/src/routes/auth.ts": {"path":"/Users/jooniekwun/Documents/DelayGuard/delayguard-app/src/routes/auth.ts","statementMap":{"0":{"start":{"line":1,"column":0},"end":{"line":1,"column":32}},"1":{"start":{"line":2,"column":0},"end":{"line":2,"column":47}},"2":{"start":{"line":4,"column":15},"end":{"line":4,"column":27}},"3":{"start":{"line":65,"column":19},"end":{"line":65,"column":29}},"4":{"start":{"line":7,"column":0},"end":{"line":39,"column":3}},"5":{"start":{"line":8,"column":2},"end":{"line":38,"column":3}},"6":{"start":{"line":9,"column":41},"end":{"line":9,"column":66}},"7":{"start":{"line":12,"column":4},"end":{"line":20,"column":46}},"8":{"start":{"line":23,"column":4},"end":{"line":29,"column":15}},"9":{"start":{"line":31,"column":4},"end":{"line":31,"column":72}},"10":{"start":{"line":33,"column":4},"end":{"line":33,"column":39}},"11":{"start":{"line":35,"column":4},"end":{"line":35,"column":60}},"12":{"start":{"line":36,"column":4},"end":{"line":36,"column":21}},"13":{"start":{"line":37,"column":4},"end":{"line":37,"column":61}},"14":{"start":{"line":42,"column":0},"end":{"line":63,"column":3}},"15":{"start":{"line":43,"column":2},"end":{"line":62,"column":3}},"16":{"start":{"line":44,"column":17},"end":{"line":44,"column":47}},"17":{"start":{"line":46,"column":19},"end":{"line":48,"column":null}},"18":{"start":{"line":51,"column":4},"end":{"line":55,"column":5}},"19":{"start":{"line":52,"column":6},"end":{"line":52,"column":23}},"20":{"start":{"line":53,"column":6},"end":{"line":53,"column":45}},"21":{"start":{"line":54,"column":6},"end":{"line":54,"column":13}},"22":{"start":{"line":57,"column":4},"end":{"line":57,"column":30}},"23":{"start":{"line":59,"column":4},"end":{"line":59,"column":61}},"24":{"start":{"line":60,"column":4},"end":{"line":60,"column":21}},"25":{"start":{"line":61,"column":4},"end":{"line":61,"column":61}}},"fnMap":{"0":{"name":"(anonymous_1)","decl":{"start":{"line":7,"column":25},"end":{"line":7,"column":30}},"loc":{"start":{"line":7,"column":39},"end":{"line":39,"column":1}}},"1":{"name":"(anonymous_2)","decl":{"start":{"line":42,"column":20},"end":{"line":42,"column":25}},"loc":{"start":{"line":42,"column":34},"end":{"line":63,"column":1}}}},"branchMap":{"0":{"loc":{"start":{"line":51,"column":4},"end":{"line":55,"column":5}},"type":"if","locations":[{"start":{"line":51,"column":4},"end":{"line":55,"column":5}}]}},"s":{"0":0,"1":0,"2":0,"3":0,"4":0,"5":0,"6":0,"7":0,"8":0,"9":0,"10":0,"11":0,"12":0,"13":0,"14":0,"15":0,"16":0,"17":0,"18":0,"19":0,"20":0,"21":0,"22":0,"23":0,"24":0,"25":0},"f":{"0":0,"1":0},"b":{"0":[0]}}
,"/Users/jooniekwun/Documents/DelayGuard/delayguard-app/src/routes/monitoring.ts": {"path":"/Users/jooniekwun/Documents/DelayGuard/delayguard-app/src/routes/monitoring.ts","statementMap":{"0":{"start":{"line":1,"column":0},"end":{"line":1,"column":32}},"1":{"start":{"line":2,"column":0},"end":{"line":2,"column":67}},"2":{"start":{"line":3,"column":0},"end":{"line":3,"column":35}},"3":{"start":{"line":5,"column":15},"end":{"line":5,"column":27}},"4":{"start":{"line":294,"column":19},"end":{"line":294,"column":35}},"5":{"start":{"line":6,"column":26},"end":{"line":6,"column":55}},"6":{"start":{"line":9,"column":0},"end":{"line":33,"column":3}},"7":{"start":{"line":10,"column":2},"end":{"line":32,"column":3}},"8":{"start":{"line":11,"column":19},"end":{"line":11,"column":64}},"9":{"start":{"line":12,"column":26},"end":{"line":12,"column":92}},"10":{"start":{"line":12,"column":44},"end":{"line":12,"column":66}},"11":{"start":{"line":14,"column":4},"end":{"line":14,"column":57}},"12":{"start":{"line":15,"column":4},"end":{"line":24,"column":6}},"13":{"start":{"line":18,"column":35},"end":{"line":23,"column":8}},"14":{"start":{"line":26,"column":4},"end":{"line":26,"column":21}},"15":{"start":{"line":27,"column":4},"end":{"line":31,"column":6}},"16":{"start":{"line":36,"column":0},"end":{"line":52,"column":3}},"17":{"start":{"line":37,"column":2},"end":{"line":51,"column":3}},"18":{"start":{"line":38,"column":20},"end":{"line":38,"column":66}},"19":{"start":{"line":40,"column":4},"end":{"line":44,"column":6}},"20":{"start":{"line":46,"column":4},"end":{"line":46,"column":21}},"21":{"start":{"line":47,"column":4},"end":{"line":50,"column":6}},"22":{"start":{"line":55,"column":0},"end":{"line":72,"column":3}},"23":{"start":{"line":56,"column":2},"end":{"line":71,"column":3}},"24":{"start":{"line":57,"column":19},"end":{"line":57,"column":60}},"25":{"start":{"line":59,"column":4},"end":{"line":59,"column":57}},"26":{"start":{"line":60,"column":4},"end":{"line":64,"column":6}},"27":{"start":{"line":66,"column":4},"end":{"line":66,"column":21}},"28":{"start":{"line":67,"column":4},"end":{"line":70,"column":6}},"29":{"start":{"line":75,"column":0},"end":{"line":91,"column":3}},"30":{"start":{"line":76,"column":2},"end":{"line":90,"column":3}},"31":{"start":{"line":77,"column":19},"end":{"line":77,"column":56}},"32":{"start":{"line":79,"column":4},"end":{"line":83,"column":6}},"33":{"start":{"line":85,"column":4},"end":{"line":85,"column":21}},"34":{"start":{"line":86,"column":4},"end":{"line":89,"column":6}},"35":{"start":{"line":94,"column":0},"end":{"line":124,"column":3}},"36":{"start":{"line":95,"column":2},"end":{"line":123,"column":3}},"37":{"start":{"line":96,"column":18},"end":{"line":96,"column":59}},"38":{"start":{"line":97,"column":18},"end":{"line":97,"column":60}},"39":{"start":{"line":101,"column":20},"end":{"line":110,"column":17}},"40":{"start":{"line":101,"column":61},"end":{"line":110,"column":6}},"41":{"start":{"line":112,"column":4},"end":{"line":116,"column":6}},"42":{"start":{"line":118,"column":4},"end":{"line":118,"column":21}},"43":{"start":{"line":119,"column":4},"end":{"line":122,"column":6}},"44":{"start":{"line":127,"column":0},"end":{"line":172,"column":3}},"45":{"start":{"line":128,"column":2},"end":{"line":171,"column":3}},"46":{"start":{"line":129,"column":19},"end":{"line":129,"column":60}},"47":{"start":{"line":131,"column":4},"end":{"line":135,"column":5}},"48":{"start":{"line":132,"column":6},"end":{"line":132,"column":23}},"49":{"start":{"line":133,"column":6},"end":{"line":133,"column":67}},"50":{"start":{"line":134,"column":6},"end":{"line":134,"column":13}},"51":{"start":{"line":137,"column":20},"end":{"line":158,"column":6}},"52":{"start":{"line":155,"column":44},"end":{"line":155,"column":69}},"53":{"start":{"line":156,"column":40},"end":{"line":156,"column":61}},"54":{"start":{"line":160,"column":4},"end":{"line":164,"column":6}},"55":{"start":{"line":166,"column":4},"end":{"line":166,"column":21}},"56":{"start":{"line":167,"column":4},"end":{"line":170,"column":6}},"57":{"start":{"line":175,"column":0},"end":{"line":217,"column":3}},"58":{"start":{"line":176,"column":2},"end":{"line":216,"column":3}},"59":{"start":{"line":177,"column":19},"end":{"line":177,"column":64}},"60":{"start":{"line":178,"column":19},"end":{"line":178,"column":60}},"61":{"start":{"line":180,"column":24},"end":{"line":203,"column":6}},"62":{"start":{"line":188,"column":37},"end":{"line":194,"column":8}},"63":{"start":{"line":195,"column":42},"end":{"line":201,"column":8}},"64":{"start":{"line":205,"column":4},"end":{"line":209,"column":6}},"65":{"start":{"line":211,"column":4},"end":{"line":211,"column":21}},"66":{"start":{"line":212,"column":4},"end":{"line":215,"column":6}},"67":{"start":{"line":221,"column":14},"end":{"line":221,"column":17}},"68":{"start":{"line":224,"column":26},"end":{"line":224,"column":84}},"69":{"start":{"line":224,"column":59},"end":{"line":224,"column":83}},"70":{"start":{"line":225,"column":2},"end":{"line":225,"column":39}},"71":{"start":{"line":228,"column":25},"end":{"line":228,"column":82}},"72":{"start":{"line":228,"column":58},"end":{"line":228,"column":81}},"73":{"start":{"line":229,"column":2},"end":{"line":229,"column":38}},"74":{"start":{"line":232,"column":2},"end":{"line":232,"column":36}},"75":{"start":{"line":235,"column":2},"end":{"line":244,"column":3}},"76":{"start":{"line":236,"column":4},"end":{"line":237,"column":64}},"77":{"start":{"line":236,"column":47},"end":{"line":236,"column":59}},"78":{"start":{"line":237,"column":9},"end":{"line":237,"column":64}},"79":{"start":{"line":237,"column":52},"end":{"line":237,"column":64}},"80":{"start":{"line":239,"column":4},"end":{"line":240,"column":79}},"81":{"start":{"line":239,"column":64},"end":{"line":239,"column":76}},"82":{"start":{"line":240,"column":9},"end":{"line":240,"column":79}},"83":{"start":{"line":240,"column":68},"end":{"line":240,"column":79}},"84":{"start":{"line":242,"column":4},"end":{"line":243,"column":79}},"85":{"start":{"line":242,"column":62},"end":{"line":242,"column":74}},"86":{"start":{"line":243,"column":9},"end":{"line":243,"column":79}},"87":{"start":{"line":243,"column":67},"end":{"line":243,"column":79}},"88":{"start":{"line":246,"column":2},"end":{"line":246,"column":43}},"89":{"start":{"line":250,"column":36},"end":{"line":250,"column":38}},"90":{"start":{"line":253,"column":26},"end":{"line":253,"column":70}},"91":{"start":{"line":253,"column":45},"end":{"line":253,"column":69}},"92":{"start":{"line":254,"column":2},"end":{"line":256,"column":3}},"93":{"start":{"line":255,"column":4},"end":{"line":255,"column":128}},"94":{"start":{"line":255,"column":63},"end":{"line":255,"column":69}},"95":{"start":{"line":259,"column":25},"end":{"line":259,"column":68}},"96":{"start":{"line":259,"column":44},"end":{"line":259,"column":67}},"97":{"start":{"line":260,"column":2},"end":{"line":262,"column":3}},"98":{"start":{"line":261,"column":4},"end":{"line":261,"column":128}},"99":{"start":{"line":261,"column":61},"end":{"line":261,"column":67}},"100":{"start":{"line":265,"column":2},"end":{"line":267,"column":3}},"101":{"start":{"line":266,"column":4},"end":{"line":266,"column":139}},"102":{"start":{"line":270,"column":2},"end":{"line":272,"column":3}},"103":{"start":{"line":271,"column":4},"end":{"line":271,"column":147}},"104":{"start":{"line":275,"column":2},"end":{"line":277,"column":3}},"105":{"start":{"line":276,"column":4},"end":{"line":276,"column":134}},"106":{"start":{"line":280,"column":2},"end":{"line":285,"column":3}},"107":{"start":{"line":281,"column":27},"end":{"line":281,"column":86}},"108":{"start":{"line":281,"column":60},"end":{"line":281,"column":85}},"109":{"start":{"line":282,"column":4},"end":{"line":284,"column":5}},"110":{"start":{"line":283,"column":6},"end":{"line":283,"column":110}},"111":{"start":{"line":283,"column":85},"end":{"line":283,"column":94}},"112":{"start":{"line":287,"column":2},"end":{"line":289,"column":3}},"113":{"start":{"line":288,"column":4},"end":{"line":288,"column":56}},"114":{"start":{"line":291,"column":2},"end":{"line":291,"column":25}}},"fnMap":{"0":{"name":"(anonymous_1)","decl":{"start":{"line":9,"column":22},"end":{"line":9,"column":27}},"loc":{"start":{"line":9,"column":36},"end":{"line":33,"column":1}}},"1":{"name":"(anonymous_2)","decl":{"start":{"line":12,"column":39},"end":{"line":12,"column":40}},"loc":{"start":{"line":12,"column":44},"end":{"line":12,"column":66}}},"2":{"name":"(anonymous_3)","decl":{"start":{"line":18,"column":25},"end":{"line":18,"column":30}},"loc":{"start":{"line":18,"column":35},"end":{"line":23,"column":8}}},"3":{"name":"(anonymous_4)","decl":{"start":{"line":36,"column":23},"end":{"line":36,"column":28}},"loc":{"start":{"line":36,"column":37},"end":{"line":52,"column":1}}},"4":{"name":"(anonymous_5)","decl":{"start":{"line":55,"column":22},"end":{"line":55,"column":27}},"loc":{"start":{"line":55,"column":36},"end":{"line":72,"column":1}}},"5":{"name":"(anonymous_6)","decl":{"start":{"line":75,"column":22},"end":{"line":75,"column":27}},"loc":{"start":{"line":75,"column":36},"end":{"line":91,"column":1}}},"6":{"name":"(anonymous_7)","decl":{"start":{"line":94,"column":31},"end":{"line":94,"column":36}},"loc":{"start":{"line":94,"column":45},"end":{"line":124,"column":1}}},"7":{"name":"(anonymous_8)","decl":{"start":{"line":101,"column":50},"end":{"line":101,"column":51}},"loc":{"start":{"line":101,"column":61},"end":{"line":110,"column":6}}},"8":{"name":"(anonymous_9)","decl":{"start":{"line":127,"column":27},"end":{"line":127,"column":32}},"loc":{"start":{"line":127,"column":41},"end":{"line":172,"column":1}}},"9":{"name":"(anonymous_10)","decl":{"start":{"line":155,"column":39},"end":{"line":155,"column":40}},"loc":{"start":{"line":155,"column":44},"end":{"line":155,"column":69}}},"10":{"name":"(anonymous_11)","decl":{"start":{"line":156,"column":35},"end":{"line":156,"column":36}},"loc":{"start":{"line":156,"column":40},"end":{"line":156,"column":61}}},"11":{"name":"(anonymous_12)","decl":{"start":{"line":175,"column":27},"end":{"line":175,"column":32}},"loc":{"start":{"line":175,"column":41},"end":{"line":217,"column":1}}},"12":{"name":"(anonymous_13)","decl":{"start":{"line":188,"column":27},"end":{"line":188,"column":32}},"loc":{"start":{"line":188,"column":37},"end":{"line":194,"column":8}}},"13":{"name":"(anonymous_14)","decl":{"start":{"line":195,"column":32},"end":{"line":195,"column":37}},"loc":{"start":{"line":195,"column":42},"end":{"line":201,"column":8}}},"14":{"name":"calculateHealthScore","decl":{"start":{"line":220,"column":9},"end":{"line":220,"column":29}},"loc":{"start":{"line":220,"column":41},"end":{"line":247,"column":1}}},"15":{"name":"(anonymous_16)","decl":{"start":{"line":224,"column":47},"end":{"line":224,"column":48}},"loc":{"start":{"line":224,"column":59},"end":{"line":224,"column":83}}},"16":{"name":"(anonymous_17)","decl":{"start":{"line":228,"column":46},"end":{"line":228,"column":47}},"loc":{"start":{"line":228,"column":58},"end":{"line":228,"column":81}}},"17":{"name":"generateRecommendations","decl":{"start":{"line":249,"column":9},"end":{"line":249,"column":32}},"loc":{"start":{"line":249,"column":59},"end":{"line":292,"column":1}}},"18":{"name":"(anonymous_19)","decl":{"start":{"line":253,"column":40},"end":{"line":253,"column":41}},"loc":{"start":{"line":253,"column":45},"end":{"line":253,"column":69}}},"19":{"name":"(anonymous_20)","decl":{"start":{"line":255,"column":58},"end":{"line":255,"column":59}},"loc":{"start":{"line":255,"column":63},"end":{"line":255,"column":69}}},"20":{"name":"(anonymous_21)","decl":{"start":{"line":259,"column":39},"end":{"line":259,"column":40}},"loc":{"start":{"line":259,"column":44},"end":{"line":259,"column":67}}},"21":{"name":"(anonymous_22)","decl":{"start":{"line":261,"column":56},"end":{"line":261,"column":57}},"loc":{"start":{"line":261,"column":61},"end":{"line":261,"column":67}}},"22":{"name":"(anonymous_23)","decl":{"start":{"line":281,"column":48},"end":{"line":281,"column":49}},"loc":{"start":{"line":281,"column":60},"end":{"line":281,"column":85}}},"23":{"name":"(anonymous_24)","decl":{"start":{"line":283,"column":73},"end":{"line":283,"column":74}},"loc":{"start":{"line":283,"column":85},"end":{"line":283,"column":94}}}},"branchMap":{"0":{"loc":{"start":{"line":12,"column":26},"end":{"line":12,"column":92}},"type":"cond-expr","locations":[{"start":{"line":12,"column":70},"end":{"line":12,"column":79}},{"start":{"line":12,"column":82},"end":{"line":12,"column":92}}]},"1":{"loc":{"start":{"line":14,"column":17},"end":{"line":14,"column":56}},"type":"cond-expr","locations":[{"start":{"line":14,"column":47},"end":{"line":14,"column":50}},{"start":{"line":14,"column":53},"end":{"line":14,"column":56}}]},"2":{"loc":{"start":{"line":30,"column":13},"end":{"line":30,"column":69}},"type":"cond-expr","locations":[{"start":{"line":30,"column":38},"end":{"line":30,"column":51}},{"start":{"line":30,"column":54},"end":{"line":30,"column":69}}]},"3":{"loc":{"start":{"line":49,"column":13},"end":{"line":49,"column":81}},"type":"cond-expr","locations":[{"start":{"line":49,"column":38},"end":{"line":49,"column":51}},{"start":{"line":49,"column":54},"end":{"line":49,"column":81}}]},"4":{"loc":{"start":{"line":59,"column":17},"end":{"line":59,"column":56}},"type":"cond-expr","locations":[{"start":{"line":59,"column":47},"end":{"line":59,"column":50}},{"start":{"line":59,"column":53},"end":{"line":59,"column":56}}]},"5":{"loc":{"start":{"line":69,"column":13},"end":{"line":69,"column":83}},"type":"cond-expr","locations":[{"start":{"line":69,"column":38},"end":{"line":69,"column":51}},{"start":{"line":69,"column":54},"end":{"line":69,"column":83}}]},"6":{"loc":{"start":{"line":88,"column":13},"end":{"line":88,"column":78}},"type":"cond-expr","locations":[{"start":{"line":88,"column":38},"end":{"line":88,"column":51}},{"start":{"line":88,"column":54},"end":{"line":88,"column":78}}]},"7":{"loc":{"start":{"line":96,"column":18},"end":{"line":96,"column":59}},"type":"binary-expr","locations":[{"start":{"line":96,"column":18},"end":{"line":96,"column":53}},{"start":{"line":96,"column":57},"end":{"line":96,"column":59}}]},"8":{"loc":{"start":{"line":97,"column":18},"end":{"line":97,"column":60}},"type":"binary-expr","locations":[{"start":{"line":97,"column":18},"end":{"line":97,"column":53}},{"start":{"line":97,"column":57},"end":{"line":97,"column":60}}]},"9":{"loc":{"start":{"line":121,"column":13},"end":{"line":121,"column":85}},"type":"cond-expr","locations":[{"start":{"line":121,"column":38},"end":{"line":121,"column":51}},{"start":{"line":121,"column":54},"end":{"line":121,"column":85}}]},"10":{"loc":{"start":{"line":131,"column":4},"end":{"line":135,"column":5}},"type":"if","locations":[{"start":{"line":131,"column":4},"end":{"line":135,"column":5}}]},"11":{"loc":{"start":{"line":169,"column":13},"end":{"line":169,"column":89}},"type":"cond-expr","locations":[{"start":{"line":169,"column":38},"end":{"line":169,"column":51}},{"start":{"line":169,"column":54},"end":{"line":169,"column":89}}]},"12":{"loc":{"start":{"line":214,"column":13},"end":{"line":214,"column":81}},"type":"cond-expr","locations":[{"start":{"line":214,"column":38},"end":{"line":214,"column":51}},{"start":{"line":214,"column":54},"end":{"line":214,"column":81}}]},"13":{"loc":{"start":{"line":235,"column":2},"end":{"line":244,"column":3}},"type":"if","locations":[{"start":{"line":235,"column":2},"end":{"line":244,"column":3}}]},"14":{"loc":{"start":{"line":236,"column":4},"end":{"line":237,"column":64}},"type":"if","locations":[{"start":{"line":236,"column":4},"end":{"line":237,"column":64}},{"start":{"line":237,"column":9},"end":{"line":237,"column":64}}]},"15":{"loc":{"start":{"line":237,"column":9},"end":{"line":237,"column":64}},"type":"if","locations":[{"start":{"line":237,"column":9},"end":{"line":237,"column":64}}]},"16":{"loc":{"start":{"line":239,"column":4},"end":{"line":240,"column":79}},"type":"if","locations":[{"start":{"line":239,"column":4},"end":{"line":240,"column":79}},{"start":{"line":240,"column":9},"end":{"line":240,"column":79}}]},"17":{"loc":{"start":{"line":240,"column":9},"end":{"line":240,"column":79}},"type":"if","locations":[{"start":{"line":240,"column":9},"end":{"line":240,"column":79}}]},"18":{"loc":{"start":{"line":242,"column":4},"end":{"line":243,"column":79}},"type":"if","locations":[{"start":{"line":242,"column":4},"end":{"line":243,"column":79}},{"start":{"line":243,"column":9},"end":{"line":243,"column":79}}]},"19":{"loc":{"start":{"line":243,"column":9},"end":{"line":243,"column":79}},"type":"if","locations":[{"start":{"line":243,"column":9},"end":{"line":243,"column":79}}]},"20":{"loc":{"start":{"line":254,"column":2},"end":{"line":256,"column":3}},"type":"if","locations":[{"start":{"line":254,"column":2},"end":{"line":256,"column":3}}]},"21":{"loc":{"start":{"line":260,"column":2},"end":{"line":262,"column":3}},"type":"if","locations":[{"start":{"line":260,"column":2},"end":{"line":262,"column":3}}]},"22":{"loc":{"start":{"line":265,"column":2},"end":{"line":267,"column":3}},"type":"if","locations":[{"start":{"line":265,"column":2},"end":{"line":267,"column":3}}]},"23":{"loc":{"start":{"line":265,"column":6},"end":{"line":265,"column":61}},"type":"binary-expr","locations":[{"start":{"line":265,"column":6},"end":{"line":265,"column":20}},{"start":{"line":265,"column":24},"end":{"line":265,"column":61}}]},"24":{"loc":{"start":{"line":270,"column":2},"end":{"line":272,"column":3}},"type":"if","locations":[{"start":{"line":270,"column":2},"end":{"line":272,"column":3}}]},"25":{"loc":{"start":{"line":270,"column":6},"end":{"line":270,"column":77}},"type":"binary-expr","locations":[{"start":{"line":270,"column":6},"end":{"line":270,"column":20}},{"start":{"line":270,"column":24},"end":{"line":270,"column":77}}]},"26":{"loc":{"start":{"line":275,"column":2},"end":{"line":277,"column":3}},"type":"if","locations":[{"start":{"line":275,"column":2},"end":{"line":277,"column":3}}]},"27":{"loc":{"start":{"line":275,"column":6},"end":{"line":275,"column":76}},"type":"binary-expr","locations":[{"start":{"line":275,"column":6},"end":{"line":275,"column":20}},{"start":{"line":275,"column":24},"end":{"line":275,"column":76}}]},"28":{"loc":{"start":{"line":280,"column":2},"end":{"line":285,"column":3}},"type":"if","locations":[{"start":{"line":280,"column":2},"end":{"line":285,"column":3}}]},"29":{"loc":{"start":{"line":282,"column":4},"end":{"line":284,"column":5}},"type":"if","locations":[{"start":{"line":282,"column":4},"end":{"line":284,"column":5}}]},"30":{"loc":{"start":{"line":287,"column":2},"end":{"line":289,"column":3}},"type":"if","locations":[{"start":{"line":287,"column":2},"end":{"line":289,"column":3}}]}},"s":{"0":0,"1":0,"2":0,"3":0,"4":0,"5":0,"6":0,"7":0,"8":0,"9":0,"10":0,"11":0,"12":0,"13":0,"14":0,"15":0,"16":0,"17":0,"18":0,"19":0,"20":0,"21":0,"22":0,"23":0,"24":0,"25":0,"26":0,"27":0,"28":0,"29":0,"30":0,"31":0,"32":0,"33":0,"34":0,"35":0,"36":0,"37":0,"38":0,"39":0,"40":0,"41":0,"42":0,"43":0,"44":0,"45":0,"46":0,"47":0,"48":0,"49":0,"50":0,"51":0,"52":0,"53":0,"54":0,"55":0,"56":0,"57":0,"58":0,"59":0,"60":0,"61":0,"62":0,"63":0,"64":0,"65":0,"66":0,"67":0,"68":0,"69":0,"70":0,"71":0,"72":0,"73":0,"74":0,"75":0,"76":0,"77":0,"78":0,"79":0,"80":0,"81":0,"82":0,"83":0,"84":0,"85":0,"86":0,"87":0,"88":0,"89":0,"90":0,"91":0,"92":0,"93":0,"94":0,"95":0,"96":0,"97":0,"98":0,"99":0,"100":0,"101":0,"102":0,"103":0,"104":0,"105":0,"106":0,"107":0,"108":0,"109":0,"110":0,"111":0,"112":0,"113":0,"114":0},"f":{"0":0,"1":0,"2":0,"3":0,"4":0,"5":0,"6":0,"7":0,"8":0,"9":0,"10":0,"11":0,"12":0,"13":0,"14":0,"15":0,"16":0,"17":0,"18":0,"19":0,"20":0,"21":0,"22":0,"23":0},"b":{"0":[0,0],"1":[0,0],"2":[0,0],"3":[0,0],"4":[0,0],"5":[0,0],"6":[0,0],"7":[0,0],"8":[0,0],"9":[0,0],"10":[0],"11":[0,0],"12":[0,0],"13":[0],"14":[0,0],"15":[0],"16":[0,0],"17":[0],"18":[0,0],"19":[0],"20":[0],"21":[0],"22":[0],"23":[0,0],"24":[0],"25":[0,0],"26":[0],"27":[0,0],"28":[0],"29":[0],"30":[0]}}
,"/Users/jooniekwun/Documents/DelayGuard/delayguard-app/src/routes/webhooks.ts": {"path":"/Users/jooniekwun/Documents/DelayGuard/delayguard-app/src/routes/webhooks.ts","statementMap":{"0":{"start":{"line":1,"column":0},"end":{"line":1,"column":32}},"1":{"start":{"line":2,"column":0},"end":{"line":2,"column":47}},"2":{"start":{"line":3,"column":0},"end":{"line":3,"column":50}},"3":{"start":{"line":5,"column":0},"end":{"line":5,"column":28}},"4":{"start":{"line":7,"column":15},"end":{"line":7,"column":27}},"5":{"start":{"line":284,"column":19},"end":{"line":284,"column":32}},"6":{"start":{"line":11,"column":15},"end":{"line":14,"column":21}},"7":{"start":{"line":16,"column":2},"end":{"line":16,"column":23}},"8":{"start":{"line":20,"column":0},"end":{"line":42,"column":3}},"9":{"start":{"line":21,"column":15},"end":{"line":21,"column":47}},"10":{"start":{"line":22,"column":15},"end":{"line":22,"column":70}},"11":{"start":{"line":23,"column":15},"end":{"line":23,"column":47}},"12":{"start":{"line":25,"column":2},"end":{"line":29,"column":3}},"13":{"start":{"line":26,"column":4},"end":{"line":26,"column":21}},"14":{"start":{"line":27,"column":4},"end":{"line":27,"column":41}},"15":{"start":{"line":28,"column":4},"end":{"line":28,"column":11}},"16":{"start":{"line":31,"column":2},"end":{"line":31,"column":69}},"17":{"start":{"line":33,"column":2},"end":{"line":41,"column":3}},"18":{"start":{"line":34,"column":4},"end":{"line":34,"column":53}},"19":{"start":{"line":35,"column":4},"end":{"line":35,"column":21}},"20":{"start":{"line":36,"column":4},"end":{"line":36,"column":33}},"21":{"start":{"line":38,"column":4},"end":{"line":38,"column":69}},"22":{"start":{"line":39,"column":4},"end":{"line":39,"column":21}},"23":{"start":{"line":40,"column":4},"end":{"line":40,"column":50}},"24":{"start":{"line":45,"column":0},"end":{"line":67,"column":3}},"25":{"start":{"line":46,"column":15},"end":{"line":46,"column":47}},"26":{"start":{"line":47,"column":15},"end":{"line":47,"column":70}},"27":{"start":{"line":48,"column":15},"end":{"line":48,"column":47}},"28":{"start":{"line":50,"column":2},"end":{"line":54,"column":3}},"29":{"start":{"line":51,"column":4},"end":{"line":51,"column":21}},"30":{"start":{"line":52,"column":4},"end":{"line":52,"column":41}},"31":{"start":{"line":53,"column":4},"end":{"line":53,"column":11}},"32":{"start":{"line":56,"column":2},"end":{"line":56,"column":75}},"33":{"start":{"line":58,"column":2},"end":{"line":66,"column":3}},"34":{"start":{"line":59,"column":4},"end":{"line":59,"column":59}},"35":{"start":{"line":60,"column":4},"end":{"line":60,"column":21}},"36":{"start":{"line":61,"column":4},"end":{"line":61,"column":33}},"37":{"start":{"line":63,"column":4},"end":{"line":63,"column":75}},"38":{"start":{"line":64,"column":4},"end":{"line":64,"column":21}},"39":{"start":{"line":65,"column":4},"end":{"line":65,"column":50}},"40":{"start":{"line":70,"column":0},"end":{"line":92,"column":3}},"41":{"start":{"line":71,"column":15},"end":{"line":71,"column":47}},"42":{"start":{"line":72,"column":15},"end":{"line":72,"column":70}},"43":{"start":{"line":73,"column":15},"end":{"line":73,"column":47}},"44":{"start":{"line":75,"column":2},"end":{"line":79,"column":3}},"45":{"start":{"line":76,"column":4},"end":{"line":76,"column":21}},"46":{"start":{"line":77,"column":4},"end":{"line":77,"column":41}},"47":{"start":{"line":78,"column":4},"end":{"line":78,"column":11}},"48":{"start":{"line":81,"column":2},"end":{"line":81,"column":66}},"49":{"start":{"line":83,"column":2},"end":{"line":91,"column":3}},"50":{"start":{"line":84,"column":4},"end":{"line":84,"column":51}},"51":{"start":{"line":85,"column":4},"end":{"line":85,"column":21}},"52":{"start":{"line":86,"column":4},"end":{"line":86,"column":33}},"53":{"start":{"line":88,"column":4},"end":{"line":88,"column":67}},"54":{"start":{"line":89,"column":4},"end":{"line":89,"column":21}},"55":{"start":{"line":90,"column":4},"end":{"line":90,"column":50}},"56":{"start":{"line":95,"column":2},"end":{"line":160,"column":3}},"57":{"start":{"line":97,"column":23},"end":{"line":99,"column":null}},"58":{"start":{"line":102,"column":4},"end":{"line":105,"column":5}},"59":{"start":{"line":103,"column":6},"end":{"line":103,"column":73}},"60":{"start":{"line":104,"column":6},"end":{"line":104,"column":13}},"61":{"start":{"line":107,"column":19},"end":{"line":107,"column":40}},"62":{"start":{"line":110,"column":4},"end":{"line":138,"column":7}},"63":{"start":{"line":141,"column":24},"end":{"line":143,"column":null}},"64":{"start":{"line":146,"column":20},"end":{"line":146,"column":42}},"65":{"start":{"line":149,"column":4},"end":{"line":153,"column":5}},"66":{"start":{"line":150,"column":6},"end":{"line":152,"column":7}},"67":{"start":{"line":151,"column":8},"end":{"line":151,"column":55}},"68":{"start":{"line":155,"column":4},"end":{"line":155,"column":68}},"69":{"start":{"line":158,"column":4},"end":{"line":158,"column":59}},"70":{"start":{"line":159,"column":4},"end":{"line":159,"column":16}},"71":{"start":{"line":164,"column":2},"end":{"line":199,"column":3}},"72":{"start":{"line":166,"column":23},"end":{"line":168,"column":null}},"73":{"start":{"line":171,"column":4},"end":{"line":174,"column":5}},"74":{"start":{"line":172,"column":6},"end":{"line":172,"column":79}},"75":{"start":{"line":173,"column":6},"end":{"line":173,"column":13}},"76":{"start":{"line":176,"column":19},"end":{"line":176,"column":40}},"77":{"start":{"line":179,"column":24},"end":{"line":181,"column":null}},"78":{"start":{"line":184,"column":4},"end":{"line":187,"column":5}},"79":{"start":{"line":185,"column":6},"end":{"line":185,"column":88}},"80":{"start":{"line":186,"column":6},"end":{"line":186,"column":13}},"81":{"start":{"line":189,"column":20},"end":{"line":189,"column":42}},"82":{"start":{"line":192,"column":4},"end":{"line":192,"column":55}},"83":{"start":{"line":194,"column":4},"end":{"line":194,"column":78}},"84":{"start":{"line":197,"column":4},"end":{"line":197,"column":65}},"85":{"start":{"line":198,"column":4},"end":{"line":198,"column":16}},"86":{"start":{"line":203,"column":2},"end":{"line":228,"column":3}},"87":{"start":{"line":205,"column":23},"end":{"line":207,"column":null}},"88":{"start":{"line":210,"column":4},"end":{"line":213,"column":5}},"89":{"start":{"line":211,"column":6},"end":{"line":211,"column":71}},"90":{"start":{"line":212,"column":6},"end":{"line":212,"column":13}},"91":{"start":{"line":215,"column":19},"end":{"line":215,"column":40}},"92":{"start":{"line":218,"column":4},"end":{"line":221,"column":6}},"93":{"start":{"line":223,"column":4},"end":{"line":223,"column":60}},"94":{"start":{"line":226,"column":4},"end":{"line":226,"column":57}},"95":{"start":{"line":227,"column":4},"end":{"line":227,"column":16}},"96":{"start":{"line":232,"column":2},"end":{"line":281,"column":3}},"97":{"start":{"line":234,"column":4},"end":{"line":257,"column":7}},"98":{"start":{"line":260,"column":4},"end":{"line":276,"column":5}},"99":{"start":{"line":261,"column":25},"end":{"line":263,"column":null}},"100":{"start":{"line":266,"column":6},"end":{"line":275,"column":7}},"101":{"start":{"line":267,"column":8},"end":{"line":272,"column":11}},"102":{"start":{"line":274,"column":8},"end":{"line":274,"column":101}},"103":{"start":{"line":279,"column":4},"end":{"line":279,"column":58}},"104":{"start":{"line":280,"column":4},"end":{"line":280,"column":16}}},"fnMap":{"0":{"name":"verifyWebhook","decl":{"start":{"line":10,"column":9},"end":{"line":10,"column":22}},"loc":{"start":{"line":10,"column":49},"end":{"line":17,"column":1}}},"1":{"name":"(anonymous_2)","decl":{"start":{"line":20,"column":31},"end":{"line":20,"column":36}},"loc":{"start":{"line":20,"column":45},"end":{"line":42,"column":1}}},"2":{"name":"(anonymous_3)","decl":{"start":{"line":45,"column":37},"end":{"line":45,"column":42}},"loc":{"start":{"line":45,"column":51},"end":{"line":67,"column":1}}},"3":{"name":"(anonymous_4)","decl":{"start":{"line":70,"column":28},"end":{"line":70,"column":33}},"loc":{"start":{"line":70,"column":42},"end":{"line":92,"column":1}}},"4":{"name":"processOrderUpdate","decl":{"start":{"line":94,"column":15},"end":{"line":94,"column":33}},"loc":{"start":{"line":94,"column":68},"end":{"line":161,"column":1}}},"5":{"name":"processFulfillmentUpdate","decl":{"start":{"line":163,"column":15},"end":{"line":163,"column":39}},"loc":{"start":{"line":163,"column":80},"end":{"line":200,"column":1}}},"6":{"name":"processOrderPaid","decl":{"start":{"line":202,"column":15},"end":{"line":202,"column":31}},"loc":{"start":{"line":202,"column":66},"end":{"line":229,"column":1}}},"7":{"name":"processFulfillment","decl":{"start":{"line":231,"column":15},"end":{"line":231,"column":33}},"loc":{"start":{"line":231,"column":71},"end":{"line":282,"column":1}}}},"branchMap":{"0":{"loc":{"start":{"line":22,"column":15},"end":{"line":22,"column":70}},"type":"binary-expr","locations":[{"start":{"line":22,"column":15},"end":{"line":22,"column":34}},{"start":{"line":22,"column":38},"end":{"line":22,"column":70}}]},"1":{"loc":{"start":{"line":25,"column":2},"end":{"line":29,"column":3}},"type":"if","locations":[{"start":{"line":25,"column":2},"end":{"line":29,"column":3}}]},"2":{"loc":{"start":{"line":47,"column":15},"end":{"line":47,"column":70}},"type":"binary-expr","locations":[{"start":{"line":47,"column":15},"end":{"line":47,"column":34}},{"start":{"line":47,"column":38},"end":{"line":47,"column":70}}]},"3":{"loc":{"start":{"line":50,"column":2},"end":{"line":54,"column":3}},"type":"if","locations":[{"start":{"line":50,"column":2},"end":{"line":54,"column":3}}]},"4":{"loc":{"start":{"line":72,"column":15},"end":{"line":72,"column":70}},"type":"binary-expr","locations":[{"start":{"line":72,"column":15},"end":{"line":72,"column":34}},{"start":{"line":72,"column":38},"end":{"line":72,"column":70}}]},"5":{"loc":{"start":{"line":75,"column":2},"end":{"line":79,"column":3}},"type":"if","locations":[{"start":{"line":75,"column":2},"end":{"line":79,"column":3}}]},"6":{"loc":{"start":{"line":102,"column":4},"end":{"line":105,"column":5}},"type":"if","locations":[{"start":{"line":102,"column":4},"end":{"line":105,"column":5}}]},"7":{"loc":{"start":{"line":132,"column":6},"end":{"line":134,"column":53}},"type":"cond-expr","locations":[{"start":{"line":133,"column":10},"end":{"line":133,"column":76}},{"start":{"line":134,"column":10},"end":{"line":134,"column":53}}]},"8":{"loc":{"start":{"line":132,"column":6},"end":{"line":132,"column":69}},"type":"binary-expr","locations":[{"start":{"line":132,"column":6},"end":{"line":132,"column":36}},{"start":{"line":132,"column":40},"end":{"line":132,"column":69}}]},"9":{"loc":{"start":{"line":134,"column":10},"end":{"line":134,"column":53}},"type":"binary-expr","locations":[{"start":{"line":134,"column":10},"end":{"line":134,"column":40}},{"start":{"line":134,"column":44},"end":{"line":134,"column":53}}]},"10":{"loc":{"start":{"line":137,"column":6},"end":{"line":137,"column":51}},"type":"binary-expr","locations":[{"start":{"line":137,"column":6},"end":{"line":137,"column":34}},{"start":{"line":137,"column":38},"end":{"line":137,"column":51}}]},"11":{"loc":{"start":{"line":149,"column":4},"end":{"line":153,"column":5}},"type":"if","locations":[{"start":{"line":149,"column":4},"end":{"line":153,"column":5}}]},"12":{"loc":{"start":{"line":149,"column":8},"end":{"line":149,"column":67}},"type":"binary-expr","locations":[{"start":{"line":149,"column":8},"end":{"line":149,"column":30}},{"start":{"line":149,"column":34},"end":{"line":149,"column":67}}]},"13":{"loc":{"start":{"line":171,"column":4},"end":{"line":174,"column":5}},"type":"if","locations":[{"start":{"line":171,"column":4},"end":{"line":174,"column":5}}]},"14":{"loc":{"start":{"line":184,"column":4},"end":{"line":187,"column":5}},"type":"if","locations":[{"start":{"line":184,"column":4},"end":{"line":187,"column":5}}]},"15":{"loc":{"start":{"line":210,"column":4},"end":{"line":213,"column":5}},"type":"if","locations":[{"start":{"line":210,"column":4},"end":{"line":213,"column":5}}]},"16":{"loc":{"start":{"line":256,"column":6},"end":{"line":256,"column":41}},"type":"binary-expr","locations":[{"start":{"line":256,"column":6},"end":{"line":256,"column":28}},{"start":{"line":256,"column":32},"end":{"line":256,"column":41}}]},"17":{"loc":{"start":{"line":260,"column":4},"end":{"line":276,"column":5}},"type":"if","locations":[{"start":{"line":260,"column":4},"end":{"line":276,"column":5}}]},"18":{"loc":{"start":{"line":260,"column":8},"end":{"line":260,"column":87}},"type":"binary-expr","locations":[{"start":{"line":260,"column":8},"end":{"line":260,"column":45}},{"start":{"line":260,"column":49},"end":{"line":260,"column":87}}]},"19":{"loc":{"start":{"line":266,"column":6},"end":{"line":275,"column":7}},"type":"if","locations":[{"start":{"line":266,"column":6},"end":{"line":275,"column":7}}]}},"s":{"0":0,"1":0,"2":0,"3":0,"4":0,"5":0,"6":0,"7":0,"8":0,"9":0,"10":0,"11":0,"12":0,"13":0,"14":0,"15":0,"16":0,"17":0,"18":0,"19":0,"20":0,"21":0,"22":0,"23":0,"24":0,"25":0,"26":0,"27":0,"28":0,"29":0,"30":0,"31":0,"32":0,"33":0,"34":0,"35":0,"36":0,"37":0,"38":0,"39":0,"40":0,"41":0,"42":0,"43":0,"44":0,"45":0,"46":0,"47":0,"48":0,"49":0,"50":0,"51":0,"52":0,"53":0,"54":0,"55":0,"56":0,"57":0,"58":0,"59":0,"60":0,"61":0,"62":0,"63":0,"64":0,"65":0,"66":0,"67":0,"68":0,"69":0,"70":0,"71":0,"72":0,"73":0,"74":0,"75":0,"76":0,"77":0,"78":0,"79":0,"80":0,"81":0,"82":0,"83":0,"84":0,"85":0,"86":0,"87":0,"88":0,"89":0,"90":0,"91":0,"92":0,"93":0,"94":0,"95":0,"96":0,"97":0,"98":0,"99":0,"100":0,"101":0,"102":0,"103":0,"104":0},"f":{"0":0,"1":0,"2":0,"3":0,"4":0,"5":0,"6":0,"7":0},"b":{"0":[0,0],"1":[0],"2":[0,0],"3":[0],"4":[0,0],"5":[0],"6":[0],"7":[0,0],"8":[0,0],"9":[0,0],"10":[0,0],"11":[0],"12":[0,0],"13":[0],"14":[0],"15":[0],"16":[0,0],"17":[0],"18":[0,0],"19":[0]}}
,"/Users/jooniekwun/Documents/DelayGuard/delayguard-app/src/services/analytics-service.ts": {"path":"/Users/jooniekwun/Documents/DelayGuard/delayguard-app/src/services/analytics-service.ts","statementMap":{"0":{"start":{"line":1,"column":0},"end":{"line":1,"column":26}},"1":{"start":{"line":2,"column":0},"end":{"line":2,"column":32}},"2":{"start":{"line":54,"column":4},"end":{"line":54,"column":66}},"3":{"start":{"line":55,"column":4},"end":{"line":55,"column":45}},"4":{"start":{"line":59,"column":21},"end":{"line":59,"column":55}},"5":{"start":{"line":62,"column":19},"end":{"line":62,"column":49}},"6":{"start":{"line":63,"column":4},"end":{"line":65,"column":5}},"7":{"start":{"line":64,"column":6},"end":{"line":64,"column":32}},"8":{"start":{"line":67,"column":17},"end":{"line":67,"column":53}},"9":{"start":{"line":68,"column":22},"end":{"line":68,"column":32}},"10":{"start":{"line":69,"column":4},"end":{"line":69,"column":50}},"11":{"start":{"line":81,"column":8},"end":{"line":91,"column":6}},"12":{"start":{"line":93,"column":38},"end":{"line":103,"column":6}},"13":{"start":{"line":106,"column":4},"end":{"line":106,"column":67}},"14":{"start":{"line":108,"column":4},"end":{"line":108,"column":19}},"15":{"start":{"line":112,"column":21},"end":{"line":112,"column":41}},"16":{"start":{"line":115,"column":19},"end":{"line":115,"column":49}},"17":{"start":{"line":116,"column":4},"end":{"line":118,"column":5}},"18":{"start":{"line":117,"column":6},"end":{"line":117,"column":32}},"19":{"start":{"line":127,"column":8},"end":{"line":134,"column":6}},"20":{"start":{"line":136,"column":37},"end":{"line":143,"column":6}},"21":{"start":{"line":146,"column":4},"end":{"line":146,"column":66}},"22":{"start":{"line":148,"column":4},"end":{"line":148,"column":19}},"23":{"start":{"line":152,"column":4},"end":{"line":158,"column":5}},"24":{"start":{"line":153,"column":17},"end":{"line":153,"column":26}},"25":{"start":{"line":154,"column":18},"end":{"line":154,"column":28}},"26":{"start":{"line":155,"column":18},"end":{"line":155,"column":28}},"27":{"start":{"line":156,"column":17},"end":{"line":156,"column":28}},"28":{"start":{"line":157,"column":15},"end":{"line":157,"column":25}},"29":{"start":{"line":162,"column":19},"end":{"line":164,"column":null}},"30":{"start":{"line":166,"column":4},"end":{"line":166,"column":42}},"31":{"start":{"line":170,"column":19},"end":{"line":172,"column":null}},"32":{"start":{"line":174,"column":4},"end":{"line":174,"column":42}},"33":{"start":{"line":178,"column":19},"end":{"line":186,"column":27}},"34":{"start":{"line":188,"column":16},"end":{"line":188,"column":30}},"35":{"start":{"line":189,"column":4},"end":{"line":194,"column":6}},"36":{"start":{"line":198,"column":19},"end":{"line":204,"column":27}},"37":{"start":{"line":206,"column":50},"end":{"line":206,"column":52}},"38":{"start":{"line":207,"column":4},"end":{"line":209,"column":7}},"39":{"start":{"line":208,"column":6},"end":{"line":208,"column":54}},"40":{"start":{"line":210,"column":4},"end":{"line":210,"column":19}},"41":{"start":{"line":214,"column":19},"end":{"line":218,"column":27}},"42":{"start":{"line":220,"column":4},"end":{"line":220,"column":53}},"43":{"start":{"line":224,"column":19},"end":{"line":230,"column":27}},"44":{"start":{"line":232,"column":16},"end":{"line":232,"column":30}},"45":{"start":{"line":233,"column":4},"end":{"line":236,"column":6}},"46":{"start":{"line":240,"column":19},"end":{"line":248,"column":27}},"47":{"start":{"line":250,"column":16},"end":{"line":250,"column":30}},"48":{"start":{"line":251,"column":4},"end":{"line":255,"column":6}},"49":{"start":{"line":260,"column":25},"end":{"line":260,"column":87}},"50":{"start":{"line":261,"column":24},"end":{"line":261,"column":87}},"51":{"start":{"line":262,"column":22},"end":{"line":262,"column":81}},"52":{"start":{"line":264,"column":4},"end":{"line":268,"column":6}},"53":{"start":{"line":272,"column":19},"end":{"line":283,"column":27}},"54":{"start":{"line":285,"column":4},"end":{"line":290,"column":8}},"55":{"start":{"line":285,"column":35},"end":{"line":290,"column":6}},"56":{"start":{"line":294,"column":19},"end":{"line":298,"column":16}},"57":{"start":{"line":299,"column":4},"end":{"line":299,"column":42}},"58":{"start":{"line":303,"column":20},"end":{"line":303,"column":64}},"59":{"start":{"line":304,"column":19},"end":{"line":304,"column":62}},"60":{"start":{"line":305,"column":4},"end":{"line":305,"column":28}},"61":{"start":{"line":309,"column":17},"end":{"line":309,"column":81}},"62":{"start":{"line":310,"column":4},"end":{"line":310,"column":28}},"63":{"start":{"line":314,"column":17},"end":{"line":314,"column":76}},"64":{"start":{"line":315,"column":4},"end":{"line":315,"column":28}},"65":{"start":{"line":319,"column":18},"end":{"line":319,"column":39}},"66":{"start":{"line":320,"column":4},"end":{"line":320,"column":52}},"67":{"start":{"line":324,"column":17},"end":{"line":324,"column":79}},"68":{"start":{"line":325,"column":4},"end":{"line":325,"column":28}},"69":{"start":{"line":329,"column":21},"end":{"line":333,"column":6}},"70":{"start":{"line":335,"column":4},"end":{"line":340,"column":5}},"71":{"start":{"line":336,"column":19},"end":{"line":336,"column":49}},"72":{"start":{"line":337,"column":6},"end":{"line":339,"column":7}},"73":{"start":{"line":338,"column":8},"end":{"line":338,"column":38}},"74":{"start":{"line":49,"column":0},"end":{"line":49,"column":13}}},"fnMap":{"0":{"name":"(anonymous_0)","decl":{"start":{"line":53,"column":2},"end":{"line":53,"column":14}},"loc":{"start":{"line":53,"column":31},"end":{"line":56,"column":3}}},"1":{"name":"(anonymous_1)","decl":{"start":{"line":58,"column":2},"end":{"line":58,"column":7}},"loc":{"start":{"line":58,"column":90},"end":{"line":109,"column":3}}},"2":{"name":"(anonymous_2)","decl":{"start":{"line":111,"column":2},"end":{"line":111,"column":7}},"loc":{"start":{"line":111,"column":41},"end":{"line":149,"column":3}}},"3":{"name":"(anonymous_3)","decl":{"start":{"line":151,"column":10},"end":{"line":151,"column":30}},"loc":{"start":{"line":151,"column":48},"end":{"line":159,"column":3}}},"4":{"name":"(anonymous_4)","decl":{"start":{"line":161,"column":10},"end":{"line":161,"column":15}},"loc":{"start":{"line":161,"column":62},"end":{"line":167,"column":3}}},"5":{"name":"(anonymous_5)","decl":{"start":{"line":169,"column":10},"end":{"line":169,"column":15}},"loc":{"start":{"line":169,"column":62},"end":{"line":175,"column":3}}},"6":{"name":"(anonymous_6)","decl":{"start":{"line":177,"column":10},"end":{"line":177,"column":15}},"loc":{"start":{"line":177,"column":67},"end":{"line":195,"column":3}}},"7":{"name":"(anonymous_7)","decl":{"start":{"line":197,"column":10},"end":{"line":197,"column":15}},"loc":{"start":{"line":197,"column":65},"end":{"line":211,"column":3}}},"8":{"name":"(anonymous_8)","decl":{"start":{"line":207,"column":24},"end":{"line":207,"column":27}},"loc":{"start":{"line":207,"column":30},"end":{"line":209,"column":5}}},"9":{"name":"(anonymous_9)","decl":{"start":{"line":213,"column":10},"end":{"line":213,"column":15}},"loc":{"start":{"line":213,"column":67},"end":{"line":221,"column":3}}},"10":{"name":"(anonymous_10)","decl":{"start":{"line":223,"column":10},"end":{"line":223,"column":15}},"loc":{"start":{"line":223,"column":74},"end":{"line":237,"column":3}}},"11":{"name":"(anonymous_11)","decl":{"start":{"line":239,"column":10},"end":{"line":239,"column":15}},"loc":{"start":{"line":239,"column":64},"end":{"line":256,"column":3}}},"12":{"name":"(anonymous_12)","decl":{"start":{"line":258,"column":10},"end":{"line":258,"column":15}},"loc":{"start":{"line":258,"column":69},"end":{"line":269,"column":3}}},"13":{"name":"(anonymous_13)","decl":{"start":{"line":271,"column":10},"end":{"line":271,"column":15}},"loc":{"start":{"line":271,"column":79},"end":{"line":291,"column":3}}},"14":{"name":"(anonymous_14)","decl":{"start":{"line":285,"column":27},"end":{"line":285,"column":30}},"loc":{"start":{"line":285,"column":35},"end":{"line":290,"column":6}}},"15":{"name":"(anonymous_15)","decl":{"start":{"line":293,"column":10},"end":{"line":293,"column":15}},"loc":{"start":{"line":293,"column":46},"end":{"line":300,"column":3}}},"16":{"name":"(anonymous_16)","decl":{"start":{"line":302,"column":10},"end":{"line":302,"column":15}},"loc":{"start":{"line":302,"column":28},"end":{"line":306,"column":3}}},"17":{"name":"(anonymous_17)","decl":{"start":{"line":308,"column":10},"end":{"line":308,"column":15}},"loc":{"start":{"line":308,"column":48},"end":{"line":311,"column":3}}},"18":{"name":"(anonymous_18)","decl":{"start":{"line":313,"column":10},"end":{"line":313,"column":15}},"loc":{"start":{"line":313,"column":43},"end":{"line":316,"column":3}}},"19":{"name":"(anonymous_19)","decl":{"start":{"line":318,"column":10},"end":{"line":318,"column":15}},"loc":{"start":{"line":318,"column":30},"end":{"line":321,"column":3}}},"20":{"name":"(anonymous_20)","decl":{"start":{"line":323,"column":10},"end":{"line":323,"column":15}},"loc":{"start":{"line":323,"column":46},"end":{"line":326,"column":3}}},"21":{"name":"(anonymous_21)","decl":{"start":{"line":328,"column":2},"end":{"line":328,"column":7}},"loc":{"start":{"line":328,"column":33},"end":{"line":341,"column":3}}}},"branchMap":{"0":{"loc":{"start":{"line":58,"column":44},"end":{"line":58,"column":90}},"type":"default-arg","locations":[{"start":{"line":58,"column":85},"end":{"line":58,"column":90}}]},"1":{"loc":{"start":{"line":63,"column":4},"end":{"line":65,"column":5}},"type":"if","locations":[{"start":{"line":63,"column":4},"end":{"line":65,"column":5}}]},"2":{"loc":{"start":{"line":116,"column":4},"end":{"line":118,"column":5}},"type":"if","locations":[{"start":{"line":116,"column":4},"end":{"line":118,"column":5}}]},"3":{"loc":{"start":{"line":152,"column":4},"end":{"line":158,"column":5}},"type":"switch","locations":[{"start":{"line":153,"column":6},"end":{"line":153,"column":26}},{"start":{"line":154,"column":6},"end":{"line":154,"column":28}},{"start":{"line":155,"column":6},"end":{"line":155,"column":28}},{"start":{"line":156,"column":6},"end":{"line":156,"column":28}},{"start":{"line":157,"column":6},"end":{"line":157,"column":25}}]},"4":{"loc":{"start":{"line":190,"column":11},"end":{"line":190,"column":33}},"type":"binary-expr","locations":[{"start":{"line":190,"column":11},"end":{"line":190,"column":28}},{"start":{"line":190,"column":32},"end":{"line":190,"column":33}}]},"5":{"loc":{"start":{"line":191,"column":14},"end":{"line":191,"column":39}},"type":"binary-expr","locations":[{"start":{"line":191,"column":14},"end":{"line":191,"column":34}},{"start":{"line":191,"column":38},"end":{"line":191,"column":39}}]},"6":{"loc":{"start":{"line":192,"column":12},"end":{"line":192,"column":35}},"type":"binary-expr","locations":[{"start":{"line":192,"column":12},"end":{"line":192,"column":30}},{"start":{"line":192,"column":34},"end":{"line":192,"column":35}}]},"7":{"loc":{"start":{"line":193,"column":16},"end":{"line":193,"column":43}},"type":"binary-expr","locations":[{"start":{"line":193,"column":16},"end":{"line":193,"column":38}},{"start":{"line":193,"column":42},"end":{"line":193,"column":43}}]},"8":{"loc":{"start":{"line":220,"column":11},"end":{"line":220,"column":52}},"type":"binary-expr","locations":[{"start":{"line":220,"column":11},"end":{"line":220,"column":47}},{"start":{"line":220,"column":51},"end":{"line":220,"column":52}}]},"9":{"loc":{"start":{"line":234,"column":13},"end":{"line":234,"column":50}},"type":"binary-expr","locations":[{"start":{"line":234,"column":13},"end":{"line":234,"column":45}},{"start":{"line":234,"column":49},"end":{"line":234,"column":50}}]},"10":{"loc":{"start":{"line":235,"column":11},"end":{"line":235,"column":46}},"type":"binary-expr","locations":[{"start":{"line":235,"column":11},"end":{"line":235,"column":41}},{"start":{"line":235,"column":45},"end":{"line":235,"column":46}}]},"11":{"loc":{"start":{"line":252,"column":18},"end":{"line":252,"column":50}},"type":"binary-expr","locations":[{"start":{"line":252,"column":18},"end":{"line":252,"column":45}},{"start":{"line":252,"column":49},"end":{"line":252,"column":50}}]},"12":{"loc":{"start":{"line":253,"column":25},"end":{"line":253,"column":61}},"type":"binary-expr","locations":[{"start":{"line":253,"column":25},"end":{"line":253,"column":56}},{"start":{"line":253,"column":60},"end":{"line":253,"column":61}}]},"13":{"loc":{"start":{"line":254,"column":21},"end":{"line":254,"column":56}},"type":"binary-expr","locations":[{"start":{"line":254,"column":21},"end":{"line":254,"column":51}},{"start":{"line":254,"column":55},"end":{"line":254,"column":56}}]},"14":{"loc":{"start":{"line":260,"column":25},"end":{"line":260,"column":87}},"type":"binary-expr","locations":[{"start":{"line":260,"column":25},"end":{"line":260,"column":80}},{"start":{"line":260,"column":84},"end":{"line":260,"column":87}}]},"15":{"loc":{"start":{"line":261,"column":24},"end":{"line":261,"column":87}},"type":"binary-expr","locations":[{"start":{"line":261,"column":24},"end":{"line":261,"column":78}},{"start":{"line":261,"column":82},"end":{"line":261,"column":87}}]},"16":{"loc":{"start":{"line":262,"column":22},"end":{"line":262,"column":81}},"type":"binary-expr","locations":[{"start":{"line":262,"column":22},"end":{"line":262,"column":74}},{"start":{"line":262,"column":78},"end":{"line":262,"column":81}}]},"17":{"loc":{"start":{"line":309,"column":17},"end":{"line":309,"column":81}},"type":"binary-expr","locations":[{"start":{"line":309,"column":17},"end":{"line":309,"column":74}},{"start":{"line":309,"column":78},"end":{"line":309,"column":81}}]},"18":{"loc":{"start":{"line":314,"column":17},"end":{"line":314,"column":76}},"type":"binary-expr","locations":[{"start":{"line":314,"column":17},"end":{"line":314,"column":69}},{"start":{"line":314,"column":73},"end":{"line":314,"column":76}}]},"19":{"loc":{"start":{"line":324,"column":17},"end":{"line":324,"column":79}},"type":"binary-expr","locations":[{"start":{"line":324,"column":17},"end":{"line":324,"column":72}},{"start":{"line":324,"column":76},"end":{"line":324,"column":79}}]},"20":{"loc":{"start":{"line":337,"column":6},"end":{"line":339,"column":7}},"type":"if","locations":[{"start":{"line":337,"column":6},"end":{"line":339,"column":7}}]}},"s":{"0":1,"1":1,"2":6,"3":6,"4":0,"5":0,"6":0,"7":0,"8":0,"9":0,"10":0,"11":0,"12":0,"13":0,"14":0,"15":0,"16":0,"17":0,"18":0,"19":0,"20":0,"21":0,"22":0,"23":0,"24":0,"25":0,"26":0,"27":0,"28":0,"29":0,"30":0,"31":0,"32":0,"33":0,"34":0,"35":0,"36":0,"37":0,"38":0,"39":0,"40":0,"41":0,"42":0,"43":0,"44":0,"45":0,"46":0,"47":0,"48":0,"49":0,"50":0,"51":0,"52":0,"53":0,"54":0,"55":0,"56":0,"57":0,"58":0,"59":0,"60":0,"61":0,"62":0,"63":0,"64":0,"65":0,"66":0,"67":0,"68":0,"69":0,"70":0,"71":0,"72":0,"73":0,"74":1},"f":{"0":6,"1":0,"2":0,"3":0,"4":0,"5":0,"6":0,"7":0,"8":0,"9":0,"10":0,"11":0,"12":0,"13":0,"14":0,"15":0,"16":0,"17":0,"18":0,"19":0,"20":0,"21":0},"b":{"0":[0],"1":[0],"2":[0],"3":[0,0,0,0,0],"4":[0,0],"5":[0,0],"6":[0,0],"7":[0,0],"8":[0,0],"9":[0,0],"10":[0,0],"11":[0,0],"12":[0,0],"13":[0,0],"14":[0,0],"15":[0,0],"16":[0,0],"17":[0,0],"18":[0,0],"19":[0,0],"20":[0]}}
[...]
"column":40}},"13":{"start":{"line":121,"column":0},"end":{"line":121,"column":13}},"14":{"start":{"line":129,"column":4},"end":{"line":129,"column":37}},"15":{"start":{"line":127,"column":0},"end":{"line":127,"column":13}},"16":{"start":{"line":135,"column":4},"end":{"line":135,"column":36}},"17":{"start":{"line":133,"column":0},"end":{"line":133,"column":13}},"18":{"start":{"line":141,"column":4},"end":{"line":141,"column":38}},"19":{"start":{"line":139,"column":0},"end":{"line":139,"column":13}},"20":{"start":{"line":147,"column":4},"end":{"line":147,"column":92}},"21":{"start":{"line":148,"column":4},"end":{"line":148,"column":27}},"22":{"start":{"line":145,"column":0},"end":{"line":145,"column":13}}},"fnMap":{"0":{"name":"(anonymous_0)","decl":{"start":{"line":95,"column":2},"end":{"line":95,"column":null}},"loc":{"start":{"line":99,"column":40},"end":{"line":104,"column":3}}},"1":{"name":"(anonymous_1)","decl":{"start":{"line":108,"column":2},"end":{"line":108,"column":14}},"loc":{"start":{"line":108,"column":45},"end":{"line":111,"column":3}}},"2":{"name":"(anonymous_2)","decl":{"start":{"line":116,"column":2},"end":{"line":116,"column":14}},"loc":{"start":{"line":116,"column":30},"end":{"line":118,"column":3}}},"3":{"name":"(anonymous_3)","decl":{"start":{"line":122,"column":2},"end":{"line":122,"column":14}},"loc":{"start":{"line":122,"column":46},"end":{"line":124,"column":3}}},"4":{"name":"(anonymous_4)","decl":{"start":{"line":128,"column":2},"end":{"line":128,"column":14}},"loc":{"start":{"line":128,"column":43},"end":{"line":130,"column":3}}},"5":{"name":"(anonymous_5)","decl":{"start":{"line":134,"column":2},"end":{"line":134,"column":14}},"loc":{"start":{"line":134,"column":29},"end":{"line":136,"column":3}}},"6":{"name":"(anonymous_6)","decl":{"start":{"line":140,"column":2},"end":{"line":140,"column":14}},"loc":{"start":{"line":140,"column":53},"end":{"line":142,"column":3}}},"7":{"name":"(anonymous_7)","decl":{"start":{"line":146,"column":2},"end":{"line":146,"column":14}},"loc":{"start":{"line":146,"column":46},"end":{"line":149,"column":3}}}},"branchMap":{"0":{"loc":{"start":{"line":97,"column":11},"end":{"line":97,"column":35}},"type":"default-arg","locations":[{"start":{"line":97,"column":32},"end":{"line":97,"column":35}}]},"1":{"loc":{"start":{"line":99,"column":11},"end":{"line":99,"column":40}},"type":"default-arg","locations":[{"start":{"line":99,"column":36},"end":{"line":99,"column":40}}]},"2":{"loc":{"start":{"line":122,"column":14},"end":{"line":122,"column":46}},"type":"default-arg","locations":[{"start":{"line":122,"column":32},"end":{"line":122,"column":46}}]},"3":{"loc":{"start":{"line":128,"column":14},"end":{"line":128,"column":43}},"type":"default-arg","locations":[{"start":{"line":128,"column":32},"end":{"line":128,"column":43}}]},"4":{"loc":{"start":{"line":140,"column":14},"end":{"line":140,"column":53}},"type":"default-arg","locations":[{"start":{"line":140,"column":32},"end":{"line":140,"column":53}}]}},"s":{"0":3,"1":3,"2":3,"3":3,"4":3,"5":3,"6":1,"7":0,"8":0,"9":1,"10":0,"11":1,"12":0,"13":1,"14":0,"15":1,"16":0,"17":1,"18":0,"19":1,"20":3,"21":3,"22":1},"f":{"0":3,"1":0,"2":0,"3":0,"4":0,"5":0,"6":0,"7":3},"b":{"0":[0],"1":[3],"2":[0],"3":[0],"4":[0]}}
,"/Users/jooniekwun/Documents/DelayGuard/delayguard-app/src/utils/monitoring.ts": {"path":"/Users/jooniekwun/Documents/DelayGuard/delayguard-app/src/utils/monitoring.ts","statementMap":{"0":{"start":{"line":1,"column":0},"end":{"line":1,"column":47}},"1":{"start":{"line":30,"column":10},"end":{"line":30,"column":55}},"2":{"start":{"line":31,"column":10},"end":{"line":31,"column":56}},"3":{"start":{"line":35,"column":4},"end":{"line":40,"column":6}},"4":{"start":{"line":45,"column":39},"end":{"line":54,"column":6}},"5":{"start":{"line":57,"column":4},"end":{"line":57,"column":32}},"6":{"start":{"line":60,"column":4},"end":{"line":60,"column":40}},"7":{"start":{"line":63,"column":4},"end":{"line":63,"column":46}},"8":{"start":{"line":68,"column":40},"end":{"line":74,"column":6}},"9":{"start":{"line":76,"column":4},"end":{"line":76,"column":42}},"10":{"start":{"line":79,"column":4},"end":{"line":81,"column":5}},"11":{"start":{"line":80,"column":6},"end":{"line":80,"column":69}},"12":{"start":{"line":84,"column":4},"end":{"line":84,"column":47}},"13":{"start":{"line":89,"column":4},"end":{"line":114,"column":6}},"14":{"start":{"line":90,"column":21},"end":{"line":90,"column":37}},"15":{"start":{"line":92,"column":6},"end":{"line":113,"column":8}},"16":{"start":{"line":93,"column":22},"end":{"line":93,"column":32}},"17":{"start":{"line":94,"column":22},"end":{"line":94,"column":26}},"18":{"start":{"line":95,"column":34},"end":{"line":95,"column":38}},"19":{"start":{"line":97,"column":8},"end":{"line":112,"column":9}},"20":{"start":{"line":98,"column":25},"end":{"line":98,"column":55}},"21":{"start":{"line":99,"column":10},"end":{"line":99,"column":24}},"22":{"start":{"line":101,"column":10},"end":{"line":101,"column":26}},"23":{"start":{"line":102,"column":10},"end":{"line":102,"column":31}},"24":{"start":{"line":103,"column":10},"end":{"line":103,"column":20}},"25":{"start":{"line":105,"column":27},"end":{"line":105,"column":45}},"26":{"start":{"line":106,"column":29},"end":{"line":106,"column":52}},"27":{"start":{"line":107,"column":10},"end":{"line":111,"column":13}},"28":{"start":{"line":133,"column":19},"end":{"line":138,"column":6}},"29":{"start":{"line":140,"column":20},"end":{"line":140,"column":50}},"30":{"start":{"line":142,"column":19},"end":{"line":142,"column":62}},"31":{"start":{"line":144,"column":4},"end":{"line":148,"column":6}},"32":{"start":{"line":153,"column":21},"end":{"line":153,"column":73}},"33":{"start":{"line":154,"column":25},"end":{"line":154,"column":60}},"34":{"start":{"line":155,"column":4},"end":{"line":155,"column":53}},"35":{"start":{"line":158,"column":4},"end":{"line":165,"column":5}},"36":{"start":{"line":159,"column":6},"end":{"line":164,"column":9}},"37":{"start":{"line":168,"column":4},"end":{"line":175,"column":5}},"38":{"start":{"line":169,"column":6},"end":{"line":174,"column":9}},"39":{"start":{"line":180,"column":4},"end":{"line":187,"column":5}},"40":{"start":{"line":181,"column":6},"end":{"line":186,"column":9}},"41":{"start":{"line":190,"column":26},"end":{"line":190,"column":61}},"42":{"start":{"line":191,"column":24},"end":{"line":191,"column":90}},"43":{"start":{"line":191,"column":50},"end":{"line":191,"column":59}},"44":{"start":{"line":193,"column":4},"end":{"line":199,"column":5}},"45":{"start":{"line":194,"column":6},"end":{"line":198,"column":9}},"46":{"start":{"line":204,"column":23},"end":{"line":204,"column":100}},"47":{"start":{"line":206,"column":4},"end":{"line":219,"column":5}},"48":{"start":{"line":208,"column":8},"end":{"line":208,"column":41}},"49":{"start":{"line":209,"column":8},"end":{"line":209,"column":14}},"50":{"start":{"line":211,"column":8},"end":{"line":211,"column":41}},"51":{"start":{"line":212,"column":8},"end":{"line":212,"column":14}},"52":{"start":{"line":214,"column":8},"end":{"line":214,"column":40}},"53":{"start":{"line":215,"column":8},"end":{"line":215,"column":14}},"54":{"start":{"line":217,"column":8},"end":{"line":217,"column":40}},"55":{"start":{"line":218,"column":8},"end":{"line":218,"column":14}},"56":{"start":{"line":223,"column":4},"end":{"line":241,"column":5}},"57":{"start":{"line":224,"column":6},"end":{"line":238,"column":9}},"58":{"start":{"line":240,"column":6},"end":{"line":240,"column":63}},"59":{"start":{"line":245,"column":4},"end":{"line":250,"column":5}},"60":{"start":{"line":246,"column":6},"end":{"line":246,"column":30}},"61":{"start":{"line":247,"column":6},"end":{"line":247,"column":18}},"62":{"start":{"line":249,"column":6},"end":{"line":249,"column":19}},"63":{"start":{"line":254,"column":4},"end":{"line":260,"column":5}},"64":{"start":{"line":255,"column":24},"end":{"line":255,"column":54}},"65":{"start":{"line":256,"column":6},"end":{"line":256,"column":25}},"66":{"start":{"line":257,"column":6},"end":{"line":257,"column":18}},"67":{"start":{"line":259,"column":6},"end":{"line":259,"column":19}},"68":{"start":{"line":264,"column":4},"end":{"line":272,"column":5}},"69":{"start":{"line":266,"column":33},"end":{"line":266,"column":76}},"70":{"start":{"line":267,"column":29},"end":{"line":267,"column":49}},"71":{"start":{"line":268,"column":6},"end":{"line":268,"column":44}},"72":{"start":{"line":269,"column":6},"end":{"line":269,"column":18}},"73":{"start":{"line":271,"column":6},"end":{"line":271,"column":19}},"74":{"start":{"line":276,"column":4},"end":{"line":282,"column":5}},"75":{"start":{"line":277,"column":32},"end":{"line":277,"column":62}},"76":{"start":{"line":278,"column":6},"end":{"line":278,"column":28}},"77":{"start":{"line":279,"column":6},"end":{"line":279,"column":18}},"78":{"start":{"line":281,"column":6},"end":{"line":281,"column":19}},"79":{"start":{"line":291,"column":16},"end":{"line":291,"column":26}},"80":{"start":{"line":292,"column":25},"end":{"line":292,"column":56}},"81":{"start":{"line":295,"column":23},"end":{"line":295,"column":99}},"82":{"start":{"line":295,"column":84},"end":{"line":295,"column":95}},"83":{"start":{"line":296,"column":22},"end":{"line":296,"column":32}},"84":{"start":{"line":299,"column":26},"end":{"line":299,"column":89}},"85":{"start":{"line":299,"column":62},"end":{"line":299,"column":88}},"86":{"start":{"line":300,"column":32},"end":{"line":302,"column":9}},"87":{"start":{"line":301,"column":41},"end":{"line":301,"column":57}},"88":{"start":{"line":305,"column":20},"end":{"line":305,"column":21}},"89":{"start":{"line":306,"column":4},"end":{"line":312,"column":5}},"90":{"start":{"line":307,"column":32},"end":{"line":307,"column":62}},"91":{"start":{"line":308,"column":20},"end":{"line":308,"column":41}},"92":{"start":{"line":309,"column":6},"end":{"line":309,"column":73}},"93":{"start":{"line":311,"column":6},"end":{"line":311,"column":20}},"94":{"start":{"line":315,"column":24},"end":{"line":315,"column":94}},"95":{"start":{"line":317,"column":4},"end":{"line":322,"column":6}},"96":{"start":{"line":329,"column":27},"end":{"line":329,"column":58}},"97":{"start":{"line":330,"column":22},"end":{"line":330,"column":43}},"98":{"start":{"line":333,"column":4},"end":{"line":335,"column":5}},"99":{"start":{"line":333,"column":39},"end":{"line":333,"column":44}},"100":{"start":{"line":334,"column":6},"end":{"line":334,"column":25}},"101":{"start":{"line":338,"column":4},"end":{"line":343,"column":5}},"102":{"start":{"line":338,"column":34},"end":{"line":338,"column":39}},"103":{"start":{"line":342,"column":6},"end":{"line":342,"column":24}},"104":{"start":{"line":345,"column":4},"end":{"line":345,"column":21}},"105":{"start":{"line":349,"column":4},"end":{"line":349,"column":45}},"106":{"start":{"line":353,"column":4},"end":{"line":360,"column":5}},"107":{"start":{"line":354,"column":6},"end":{"line":357,"column":51}},"108":{"start":{"line":359,"column":6},"end":{"line":359,"column":51}},"109":{"start":{"line":365,"column":13},"end":{"line":365,"column":50}},"110":{"start":{"line":368,"column":13},"end":{"line":368,"column":67}}},"fnMap":{"0":{"name":"(anonymous_9)","decl":{"start":{"line":34,"column":2},"end":{"line":34,"column":null}},"loc":{"start":{"line":34,"column":2},"end":{"line":41,"column":3}}},"1":{"name":"(anonymous_10)","decl":{"start":{"line":44,"column":2},"end":{"line":44,"column":7}},"loc":{"start":{"line":44,"column":107},"end":{"line":64,"column":3}}},"2":{"name":"(anonymous_11)","decl":{"start":{"line":67,"column":2},"end":{"line":67,"column":7}},"loc":{"start":{"line":67,"column":93},"end":{"line":85,"column":3}}},"3":{"name":"(anonymous_12)","decl":{"start":{"line":88,"column":2},"end":{"line":88,"column":8}},"loc":{"start":{"line":88,"column":43},"end":{"line":115,"column":3}}},"4":{"name":"(anonymous_13)","decl":{"start":{"line":89,"column":11},"end":{"line":89,"column":21}},"loc":{"start":{"line":89,"column":86},"end":{"line":114,"column":5}}},"5":{"name":"(anonymous_14)","decl":{"start":{"line":92,"column":25},"end":{"line":92,"column":30}},"loc":{"start":{"line":92,"column":55},"end":{"line":113,"column":7}}},"6":{"name":"(anonymous_15)","decl":{"start":{"line":118,"column":2},"end":{"line":118,"column":7}},"loc":{"start":{"line":118,"column":23},"end":{"line":149,"column":3}}},"7":{"name":"(anonymous_16)","decl":{"start":{"line":152,"column":2},"end":{"line":152,"column":7}},"loc":{"start":{"line":152,"column":44},"end":{"line":176,"column":3}}},"8":{"name":"(anonymous_17)","decl":{"start":{"line":178,"column":2},"end":{"line":178,"column":7}},"loc":{"start":{"line":178,"column":58},"end":{"line":200,"column":3}}},"9":{"name":"(anonymous_18)","decl":{"start":{"line":191,"column":45},"end":{"line":191,"column":46}},"loc":{"start":{"line":191,"column":50},"end":{"line":191,"column":59}}},"10":{"name":"(anonymous_19)","decl":{"start":{"line":203,"column":10},"end":{"line":203,"column":18}},"loc":{"start":{"line":203,"column":38},"end":{"line":220,"column":3}}},"11":{"name":"(anonymous_20)","decl":{"start":{"line":222,"column":10},"end":{"line":222,"column":15}},"loc":{"start":{"line":222,"column":46},"end":{"line":242,"column":3}}},"12":{"name":"(anonymous_21)","decl":{"start":{"line":244,"column":10},"end":{"line":244,"column":15}},"loc":{"start":{"line":244,"column":29},"end":{"line":251,"column":3}}},"13":{"name":"(anonymous_22)","decl":{"start":{"line":253,"column":10},"end":{"line":253,"column":15}},"loc":{"start":{"line":253,"column":26},"end":{"line":261,"column":3}}},"14":{"name":"(anonymous_23)","decl":{"start":{"line":255,"column":24},"end":{"line":255,"column":37}},"loc":{"start":{"line":255,"column":24},"end":{"line":255,"column":54}}},"15":{"name":"(anonymous_24)","decl":{"start":{"line":263,"column":10},"end":{"line":263,"column":15}},"loc":{"start":{"line":263,"column":33},"end":{"line":273,"column":3}}},"16":{"name":"(anonymous_25)","decl":{"start":{"line":266,"column":33},"end":{"line":266,"column":46}},"loc":{"start":{"line":266,"column":33},"end":{"line":266,"column":76}}},"17":{"name":"(anonymous_26)","decl":{"start":{"line":275,"column":10},"end":{"line":275,"column":15}},"loc":{"start":{"line":275,"column":26},"end":{"line":283,"column":3}}},"18":{"name":"(anonymous_27)","decl":{"start":{"line":277,"column":32},"end":{"line":277,"column":45}},"loc":{"start":{"line":277,"column":32},"end":{"line":277,"column":62}}},"19":{"name":"(anonymous_28)","decl":{"start":{"line":285,"column":10},"end":{"line":285,"column":15}},"loc":{"start":{"line":285,"column":33},"end":{"line":323,"column":3}}},"20":{"name":"(anonymous_29)","decl":{"start":{"line":295,"column":68},"end":{"line":295,"column":69}},"loc":{"start":{"line":295,"column":84},"end":{"line":295,"column":95}}},"21":{"name":"(anonymous_30)","decl":{"start":{"line":299,"column":57},"end":{"line":299,"column":58}},"loc":{"start":{"line":299,"column":62},"end":{"line":299,"column":88}}},"22":{"name":"(anonymous_31)","decl":{"start":{"line":301,"column":29},"end":{"line":301,"column":30}},"loc":{"start":{"line":301,"column":41},"end":{"line":301,"column":57}}},"23":{"name":"(anonymous_32)","decl":{"start":{"line":307,"column":32},"end":{"line":307,"column":45}},"loc":{"start":{"line":307,"column":32},"end":{"line":307,"column":62}}},"24":{"name":"(anonymous_33)","decl":{"start":{"line":325,"column":10},"end":{"line":325,"column":31}},"loc":{"start":{"line":327,"column":103},"end":{"line":346,"column":3}}},"25":{"name":"(anonymous_34)","decl":{"start":{"line":333,"column":30},"end":{"line":333,"column":35}},"loc":{"start":{"line":333,"column":39},"end":{"line":333,"column":44}}},"26":{"name":"(anonymous_35)","decl":{"start":{"line":338,"column":25},"end":{"line":338,"column":30}},"loc":{"start":{"line":338,"column":34},"end":{"line":338,"column":39}}},"27":{"name":"(anonymous_36)","decl":{"start":{"line":348,"column":10},"end":{"line":348,"column":15}},"loc":{"start":{"line":348,"column":49},"end":{"line":361,"column":3}}}},"branchMap":{"0":{"loc":{"start":{"line":44,"column":48},"end":{"line":44,"column":107}},"type":"default-arg","locations":[{"start":{"line":44,"column":99},"end":{"line":44,"column":107}}]},"1":{"loc":{"start":{"line":79,"column":4},"end":{"line":81,"column":5}},"type":"if","locations":[{"start":{"line":79,"column":4},"end":{"line":81,"column":5}}]},"2":{"loc":{"start":{"line":153,"column":43},"end":{"line":153,"column":71}},"type":"binary-expr","locations":[{"start":{"line":153,"column":43},"end":{"line":153,"column":59}},{"start":{"line":153,"column":63},"end":{"line":153,"column":71}}]},"3":{"loc":{"start":{"line":154,"column":25},"end":{"line":154,"column":60}},"type":"binary-expr","locations":[{"start":{"line":154,"column":25},"end":{"line":154,"column":55}},{"start":{"line":154,"column":59},"end":{"line":154,"column":60}}]},"4":{"loc":{"start":{"line":158,"column":4},"end":{"line":165,"column":5}},"type":"if","locations":[{"start":{"line":158,"column":4},"end":{"line":165,"column":5}}]},"5":{"loc":{"start":{"line":168,"column":4},"end":{"line":175,"column":5}},"type":"if","locations":[{"start":{"line":168,"column":4},"end":{"line":175,"column":5}}]},"6":{"loc":{"start":{"line":180,"column":4},"end":{"line":187,"column":5}},"type":"if","locations":[{"start":{"line":180,"column":4},"end":{"line":187,"column":5}}]},"7":{"loc":{"start":{"line":193,"column":4},"end":{"line":199,"column":5}},"type":"if","locations":[{"start":{"line":193,"column":4},"end":{"line":199,"column":5}}]},"8":{"loc":{"start":{"line":206,"column":4},"end":{"line":219,"column":5}},"type":"switch","locations":[{"start":{"line":207,"column":6},"end":{"line":209,"column":14}},{"start":{"line":210,"column":6},"end":{"line":212,"column":14}},{"start":{"line":213,"column":6},"end":{"line":215,"column":14}},{"start":{"line":216,"column":6},"end":{"line":218,"column":14}}]},"9":{"loc":{"start":{"line":300,"column":32},"end":{"line":302,"column":9}},"type":"cond-expr","locations":[{"start":{"line":301,"column":8},"end":{"line":301,"column":84}},{"start":{"line":302,"column":8},"end":{"line":302,"column":9}}]},"10":{"loc":{"start":{"line":333,"column":4},"end":{"line":335,"column":5}},"type":"if","locations":[{"start":{"line":333,"column":4},"end":{"line":335,"column":5}}]},"11":{"loc":{"start":{"line":338,"column":4},"end":{"line":343,"column":5}},"type":"if","locations":[{"start":{"line":338,"column":4},"end":{"line":343,"column":5}}]},"12":{"loc":{"start":{"line":338,"column":8},"end":{"line":341,"column":62}},"type":"binary-expr","locations":[{"start":{"line":338,"column":8},"end":{"line":338,"column":40}},{"start":{"line":339,"column":8},"end":{"line":339,"column":58}},{"start":{"line":340,"column":8},"end":{"line":340,"column":71}},{"start":{"line":341,"column":8},"end":{"line":341,"column":62}}]}},"s":{"0":0,"1":0,"2":0,"3":0,"4":0,"5":0,"6":0,"7":0,"8":0,"9":0,"10":0,"11":0,"12":0,"13":0,"14":0,"15":0,"16":0,"17":0,"18":0,"19":0,"20":0,"21":0,"22":0,"23":0,"24":0,"25":0,"26":0,"27":0,"28":0,"29":0,"30":0,"31":0,"32":0,"33":0,"34":0,"35":0,"36":0,"37":0,"38":0,"39":0,"40":0,"41":0,"42":0,"43":0,"44":0,"45":0,"46":0,"47":0,"48":0,"49":0,"50":0,"51":0,"52":0,"53":0,"54":0,"55":0,"56":0,"57":0,"58":0,"59":0,"60":0,"61":0,"62":0,"63":0,"64":0,"65":0,"66":0,"67":0,"68":0,"69":0,"70":0,"71":0,"72":0,"73":0,"74":0,"75":0,"76":0,"77":0,"78":0,"79":0,"80":0,"81":0,"82":0,"83":0,"84":0,"85":0,"86":0,"87":0,"88":0,"89":0,"90":0,"91":0,"92":0,"93":0,"94":0,"95":0,"96":0,"97":0,"98":0,"99":0,"100":0,"101":0,"102":0,"103":0,"104":0,"105":0,"106":0,"107":0,"108":0,"109":0,"110":0},"f":{"0":0,"1":0,"2":0,"3":0,"4":0,"5":0,"6":0,"7":0,"8":0,"9":0,"10":0,"11":0,"12":0,"13":0,"14":0,"15":0,"16":0,"17":0,"18":0,"19":0,"20":0,"21":0,"22":0,"23":0,"24":0,"25":0,"26":0,"27":0},"b":{"0":[0],"1":[0],"2":[0,0],"3":[0,0],"4":[0],"5":[0],"6":[0],"7":[0],"8":[0,0,0,0],"9":[0,0],"10":[0],"11":[0],"12":[0,0,0,0]}}
}
