TN:
SF:src/database/connection.ts
FN:6,setupDatabase
FN:29,getDatabaseClient
FN:36,query
FN:46,runMigrations
FNF:4
FNH:0
FNDA:0,setupDatabase
FNDA:0,getDatabaseClient
FNDA:0,query
FNDA:0,runMigrations
DA:1,0
DA:6,0
DA:7,0
DA:8,0
DA:17,0
DA:18,0
DA:19,0
DA:22,0
DA:24,0
DA:25,0
DA:29,0
DA:30,0
DA:31,0
DA:33,0
DA:36,0
DA:37,0
DA:38,0
DA:39,0
DA:40,0
DA:42,0
DA:47,0
DA:49,0
DA:51,0
DA:63,0
DA:80,0
DA:96,0
DA:113,0
DA:128,0
DA:136,0
DA:138,0
DA:139,0
DA:141,0
LF:32
LH:0
BRDA:10,0,0,0
BRDA:10,0,1,0
BRDA:30,1,0,0
BRF:3
BRH:0
end_of_record
TN:
SF:src/database/migrate.ts
FN:3,migrate
FNF:1
FNH:0
FNDA:0,migrate
DA:1,0
DA:4,0
DA:5,0
DA:6,0
DA:7,0
DA:8,0
DA:10,0
DA:11,0
DA:15,0
DA:16,0
LF:10
LH:0
BRDA:15,0,0,0
BRF:1
BRH:0
end_of_record
TN:
SF:src/queue/processors/delay-check.ts
FN:14,processDelayCheck
FNF:1
FNH:0
FNDA:0,processDelayCheck
DA:2,0
DA:3,0
DA:4,0
DA:5,0
DA:14,0
DA:15,0
DA:17,0
DA:18,0
DA:21,0
DA:29,0
DA:30,0
DA:33,0
DA:36,0
DA:37,0
DA:40,0
DA:43,0
DA:45,0
DA:46,0
DA:49,0
DA:50,0
DA:52,0
DA:71,0
DA:72,0
DA:86,0
DA:90,0
DA:96,0
DA:97,0
LF:27
LH:0
BRDA:29,0,0,0
BRDA:45,1,0,0
BRDA:45,1,1,0
BRDA:49,2,0,0
BRDA:49,2,1,0
BRDA:50,3,0,0
BRDA:71,4,0,0
BRDA:71,5,0,0
BRDA:71,5,1,0
BRDA:77,6,0,0
BRDA:77,6,1,0
BRF:11
BRH:0
end_of_record
TN:
SF:src/queue/processors/notification.ts
FN:20,processNotification
FN:79,(anonymous_1)
FN:87,(anonymous_2)
FN:97,(anonymous_3)
FN:105,(anonymous_4)
FNF:5
FNH:0
FNDA:0,processNotification
FNDA:0,(anonymous_1)
FNDA:0,(anonymous_2)
FNDA:0,(anonymous_3)
FNDA:0,(anonymous_4)
DA:2,0
DA:3,0
DA:4,0
DA:5,0
DA:20,0
DA:21,0
DA:23,0
DA:24,0
DA:27,0
DA:35,0
DA:36,0
DA:39,0
DA:42,0
DA:47,0
DA:48,0
DA:51,0
DA:54,0
DA:55,0
DA:60,0
DA:63,0
DA:74,0
DA:76,0
DA:77,0
DA:81,0
DA:85,0
DA:88,0
DA:89,0
DA:94,0
DA:95,0
DA:99,0
DA:103,0
DA:106,0
DA:107,0
DA:112,0
DA:113,0
DA:114,0
DA:118,0
DA:120,0
DA:123,0
DA:124,0
LF:40
LH:0
BRDA:35,0,0,0
BRDA:47,1,0,0
BRDA:76,2,0,0
BRDA:76,3,0,0
BRDA:76,3,1,0
BRDA:76,3,2,0
BRDA:94,4,0,0
BRDA:94,5,0,0
BRDA:94,5,1,0
BRDA:94,5,2,0
BRDA:112,6,0,0
BRF:11
BRH:0
end_of_record
TN:
SF:src/routes/analytics.ts
FN:9,(anonymous_1)
FN:39,(anonymous_2)
FN:67,(anonymous_3)
FN:122,(anonymous_4)
FN:149,(anonymous_5)
FN:187,convertToCSV
FN:209,(anonymous_7)
FN:209,(anonymous_8)
FNF:8
FNH:0
FNDA:0,(anonymous_1)
FNDA:0,(anonymous_2)
FNDA:0,(anonymous_3)
FNDA:0,(anonymous_4)
FNDA:0,(anonymous_5)
FNDA:0,convertToCSV
FNDA:0,(anonymous_7)
FNDA:0,(anonymous_8)
DA:1,0
DA:2,0
DA:3,0
DA:5,0
DA:6,0
DA:9,0
DA:10,0
DA:11,0
DA:12,0
DA:14,0
DA:15,0
DA:16,0
DA:17,0
DA:20,0
DA:22,0
DA:29,0
DA:30,0
DA:31,0
DA:39,0
DA:40,0
DA:41,0
DA:43,0
DA:44,0
DA:45,0
DA:46,0
DA:49,0
DA:51,0
DA:57,0
DA:58,0
DA:59,0
DA:67,0
DA:68,0
DA:69,0
DA:71,0
DA:72,0
DA:73,0
DA:74,0
DA:77,0
DA:82,0
DA:106,0
DA:112,0
DA:113,0
DA:114,0
DA:122,0
DA:123,0
DA:124,0
DA:126,0
DA:127,0
DA:128,0
DA:129,0
DA:132,0
DA:134,0
DA:139,0
DA:140,0
DA:141,0
DA:149,0
DA:150,0
DA:151,0
DA:152,0
DA:153,0
DA:155,0
DA:156,0
DA:157,0
DA:158,0
DA:161,0
DA:163,0
DA:165,0
DA:166,0
DA:167,0
DA:168,0
DA:170,0
DA:178,0
DA:179,0
DA:180,0
DA:188,0
DA:194,0
DA:208,0
DA:209,0
DA:212,0
DA:215,0
LF:80
LH:0
BRDA:11,0,0,0
BRDA:11,0,1,0
BRDA:12,1,0,0
BRDA:12,1,1,0
BRDA:14,2,0,0
BRDA:33,3,0,0
BRDA:33,3,1,0
BRDA:33,4,0,0
BRDA:33,4,1,0
BRDA:41,5,0,0
BRDA:41,5,1,0
BRDA:43,6,0,0
BRDA:61,7,0,0
BRDA:61,7,1,0
BRDA:61,8,0,0
BRDA:61,8,1,0
BRDA:69,9,0,0
BRDA:69,9,1,0
BRDA:71,10,0,0
BRDA:116,11,0,0
BRDA:116,11,1,0
BRDA:116,12,0,0
BRDA:116,12,1,0
BRDA:124,13,0,0
BRDA:124,13,1,0
BRDA:126,14,0,0
BRDA:143,15,0,0
BRDA:143,15,1,0
BRDA:143,16,0,0
BRDA:143,16,1,0
BRDA:151,17,0,0
BRDA:151,17,1,0
BRDA:152,18,0,0
BRDA:152,18,1,0
BRDA:153,19,0,0
BRDA:153,19,1,0
BRDA:155,20,0,0
BRDA:163,21,0,0
BRDA:163,21,1,0
BRDA:182,22,0,0
BRDA:182,22,1,0
BRDA:182,23,0,0
BRDA:182,23,1,0
BRF:43
BRH:0
end_of_record
TN:
SF:src/routes/auth.ts
FN:7,(anonymous_1)
FN:42,(anonymous_2)
FNF:2
FNH:0
FNDA:0,(anonymous_1)
FNDA:0,(anonymous_2)
DA:1,0
DA:2,0
DA:4,0
DA:7,0
DA:8,0
DA:9,0
DA:12,0
DA:23,0
DA:31,0
DA:33,0
DA:35,0
DA:36,0
DA:37,0
DA:42,0
DA:43,0
DA:44,0
DA:46,0
DA:51,0
DA:52,0
DA:53,0
DA:54,0
DA:57,0
DA:59,0
DA:60,0
DA:61,0
DA:65,0
LF:26
LH:0
BRDA:51,0,0,0
BRF:1
BRH:0
end_of_record
TN:
SF:src/routes/monitoring.ts
FN:9,(anonymous_1)
FN:12,(anonymous_2)
FN:18,(anonymous_3)
FN:36,(anonymous_4)
FN:55,(anonymous_5)
FN:75,(anonymous_6)
FN:94,(anonymous_7)
FN:101,(anonymous_8)
FN:127,(anonymous_9)
FN:155,(anonymous_10)
FN:156,(anonymous_11)
FN:175,(anonymous_12)
FN:188,(anonymous_13)
FN:195,(anonymous_14)
FN:220,calculateHealthScore
FN:224,(anonymous_16)
FN:228,(anonymous_17)
FN:249,generateRecommendations
FN:253,(anonymous_19)
FN:255,(anonymous_20)
FN:259,(anonymous_21)
FN:261,(anonymous_22)
FN:281,(anonymous_23)
FN:283,(anonymous_24)
FNF:24
FNH:0
FNDA:0,(anonymous_1)
FNDA:0,(anonymous_2)
FNDA:0,(anonymous_3)
FNDA:0,(anonymous_4)
FNDA:0,(anonymous_5)
FNDA:0,(anonymous_6)
FNDA:0,(anonymous_7)
FNDA:0,(anonymous_8)
FNDA:0,(anonymous_9)
FNDA:0,(anonymous_10)
FNDA:0,(anonymous_11)
FNDA:0,(anonymous_12)
FNDA:0,(anonymous_13)
FNDA:0,(anonymous_14)
FNDA:0,calculateHealthScore
FNDA:0,(anonymous_16)
FNDA:0,(anonymous_17)
FNDA:0,generateRecommendations
FNDA:0,(anonymous_19)
FNDA:0,(anonymous_20)
FNDA:0,(anonymous_21)
FNDA:0,(anonymous_22)
FNDA:0,(anonymous_23)
FNDA:0,(anonymous_24)
DA:1,0
DA:2,0
DA:3,0
DA:5,0
DA:6,0
DA:9,0
DA:10,0
DA:11,0
DA:12,0
DA:14,0
DA:15,0
DA:18,0
DA:26,0
DA:27,0
DA:36,0
DA:37,0
DA:38,0
DA:40,0
DA:46,0
DA:47,0
DA:55,0
DA:56,0
DA:57,0
DA:59,0
DA:60,0
DA:66,0
DA:67,0
DA:75,0
DA:76,0
DA:77,0
DA:79,0
DA:85,0
DA:86,0
DA:94,0
DA:95,0
DA:96,0
DA:97,0
DA:101,0
DA:112,0
DA:118,0
DA:119,0
DA:127,0
DA:128,0
DA:129,0
DA:131,0
DA:132,0
DA:133,0
DA:134,0
DA:137,0
DA:155,0
DA:156,0
DA:160,0
DA:166,0
DA:167,0
DA:175,0
DA:176,0
DA:177,0
DA:178,0
DA:180,0
DA:188,0
DA:195,0
DA:205,0
DA:211,0
DA:212,0
DA:221,0
DA:224,0
DA:225,0
DA:228,0
DA:229,0
DA:232,0
DA:235,0
DA:236,0
DA:237,0
DA:239,0
DA:240,0
DA:242,0
DA:243,0
DA:246,0
DA:250,0
DA:253,0
DA:254,0
DA:255,0
DA:259,0
DA:260,0
DA:261,0
DA:265,0
DA:266,0
DA:270,0
DA:271,0
DA:275,0
DA:276,0
DA:280,0
DA:281,0
DA:282,0
DA:283,0
DA:287,0
DA:288,0
DA:291,0
DA:294,0
LF:99
LH:0
BRDA:12,0,0,0
BRDA:12,0,1,0
BRDA:14,1,0,0
BRDA:14,1,1,0
BRDA:30,2,0,0
BRDA:30,2,1,0
BRDA:49,3,0,0
BRDA:49,3,1,0
BRDA:59,4,0,0
BRDA:59,4,1,0
BRDA:69,5,0,0
BRDA:69,5,1,0
BRDA:88,6,0,0
BRDA:88,6,1,0
BRDA:96,7,0,0
BRDA:96,7,1,0
BRDA:97,8,0,0
BRDA:97,8,1,0
BRDA:121,9,0,0
BRDA:121,9,1,0
BRDA:131,10,0,0
BRDA:169,11,0,0
BRDA:169,11,1,0
BRDA:214,12,0,0
BRDA:214,12,1,0
BRDA:235,13,0,0
BRDA:236,14,0,0
BRDA:236,14,1,0
BRDA:237,15,0,0
BRDA:239,16,0,0
BRDA:239,16,1,0
BRDA:240,17,0,0
BRDA:242,18,0,0
BRDA:242,18,1,0
BRDA:243,19,0,0
BRDA:254,20,0,0
BRDA:260,21,0,0
BRDA:265,22,0,0
BRDA:265,23,0,0
BRDA:265,23,1,0
BRDA:270,24,0,0
BRDA:270,25,0,0
BRDA:270,25,1,0
BRDA:275,26,0,0
BRDA:275,27,0,0
BRDA:275,27,1,0
BRDA:280,28,0,0
BRDA:282,29,0,0
BRDA:287,30,0,0
BRF:49
BRH:0
end_of_record
TN:
SF:src/routes/webhooks.ts
FN:10,verifyWebhook
FN:20,(anonymous_2)
FN:45,(anonymous_3)
FN:70,(anonymous_4)
FN:94,processOrderUpdate
FN:163,processFulfillmentUpdate
FN:202,processOrderPaid
FN:231,processFulfillment
FNF:8
FNH:0
FNDA:0,verifyWebhook
FNDA:0,(anonymous_2)
FNDA:0,(anonymous_3)
FNDA:0,(anonymous_4)
FNDA:0,processOrderUpdate
FNDA:0,processFulfillmentUpdate
FNDA:0,processOrderPaid
FNDA:0,processFulfillment
DA:1,0
DA:2,0
DA:3,0
DA:5,0
DA:7,0
DA:11,0
DA:16,0
DA:20,0
DA:21,0
DA:22,0
DA:23,0
DA:25,0
DA:26,0
DA:27,0
DA:28,0
DA:31,0
DA:33,0
DA:34,0
DA:35,0
DA:36,0
DA:38,0
DA:39,0
DA:40,0
DA:45,0
DA:46,0
DA:47,0
DA:48,0
DA:50,0
DA:51,0
DA:52,0
DA:53,0
DA:56,0
DA:58,0
DA:59,0
DA:60,0
DA:61,0
DA:63,0
DA:64,0
DA:65,0
DA:70,0
DA:71,0
DA:72,0
DA:73,0
DA:75,0
DA:76,0
DA:77,0
DA:78,0
DA:81,0
DA:83,0
DA:84,0
DA:85,0
DA:86,0
DA:88,0
DA:89,0
DA:90,0
DA:95,0
DA:97,0
DA:102,0
DA:103,0
DA:104,0
DA:107,0
DA:110,0
DA:141,0
DA:146,0
DA:149,0
DA:150,0
DA:151,0
DA:155,0
DA:158,0
DA:159,0
DA:164,0
DA:166,0
DA:171,0
DA:172,0
DA:173,0
DA:176,0
DA:179,0
DA:184,0
DA:185,0
DA:186,0
DA:189,0
DA:192,0
DA:194,0
DA:197,0
DA:198,0
DA:203,0
DA:205,0
DA:210,0
DA:211,0
DA:212,0
DA:215,0
DA:218,0
DA:223,0
DA:226,0
DA:227,0
DA:232,0
DA:234,0
DA:260,0
DA:261,0
DA:266,0
DA:267,0
DA:274,0
DA:279,0
DA:280,0
DA:284,0
LF:105
LH:0
BRDA:22,0,0,0
BRDA:22,0,1,0
BRDA:25,1,0,0
BRDA:47,2,0,0
BRDA:47,2,1,0
BRDA:50,3,0,0
BRDA:72,4,0,0
BRDA:72,4,1,0
BRDA:75,5,0,0
BRDA:102,6,0,0
BRDA:132,7,0,0
BRDA:132,7,1,0
BRDA:132,8,0,0
BRDA:132,8,1,0
BRDA:134,9,0,0
BRDA:134,9,1,0
BRDA:137,10,0,0
BRDA:137,10,1,0
BRDA:149,11,0,0
BRDA:149,12,0,0
BRDA:149,12,1,0
BRDA:171,13,0,0
BRDA:184,14,0,0
BRDA:210,15,0,0
BRDA:256,16,0,0
BRDA:256,16,1,0
BRDA:260,17,0,0
BRDA:260,18,0,0
BRDA:260,18,1,0
BRDA:266,19,0,0
BRF:30
BRH:0
end_of_record
TN:
SF:src/services/analytics-service.ts
FN:53,(anonymous_0)
FN:58,(anonymous_1)
FN:111,(anonymous_2)
FN:151,(anonymous_3)
FN:161,(anonymous_4)
FN:169,(anonymous_5)
FN:177,(anonymous_6)
FN:197,(anonymous_7)
FN:207,(anonymous_8)
FN:213,(anonymous_9)
FN:223,(anonymous_10)
FN:239,(anonymous_11)
FN:258,(anonymous_12)
FN:271,(anonymous_13)
FN:285,(anonymous_14)
FN:293,(anonymous_15)
FN:302,(anonymous_16)
FN:308,(anonymous_17)
FN:313,(anonymous_18)
FN:318,(anonymous_19)
FN:323,(anonymous_20)
FN:328,(anonymous_21)
FNF:22
FNH:1
FNDA:6,(anonymous_0)
FNDA:0,(anonymous_1)
FNDA:0,(anonymous_2)
FNDA:0,(anonymous_3)
FNDA:0,(anonymous_4)
FNDA:0,(anonymous_5)
FNDA:0,(anonymous_6)
FNDA:0,(anonymous_7)
FNDA:0,(anonymous_8)
FNDA:0,(anonymous_9)
FNDA:0,(anonymous_10)
FNDA:0,(anonymous_11)
FNDA:0,(anonymous_12)
FNDA:0,(anonymous_13)
FNDA:0,(anonymous_14)
FNDA:0,(anonymous_15)
FNDA:0,(anonymous_16)
FNDA:0,(anonymous_17)
FNDA:0,(anonymous_18)
FNDA:0,(anonymous_19)
FNDA:0,(anonymous_20)
FNDA:0,(anonymous_21)
DA:1,1
DA:2,1
DA:49,1
DA:54,6
DA:55,6
DA:59,0
DA:62,0
DA:63,0
DA:64,0
DA:67,0
DA:68,0
DA:69,0
DA:81,0
DA:93,0
DA:106,0
DA:108,0
DA:112,0
DA:115,0
DA:116,0
DA:117,0
DA:127,0
DA:136,0
DA:146,0
DA:148,0
DA:152,0
DA:153,0
DA:154,0
DA:155,0
DA:156,0
DA:157,0
DA:162,0
DA:166,0
DA:170,0
DA:174,0
DA:178,0
DA:188,0
DA:189,0
DA:198,0
DA:206,0
DA:207,0
DA:208,0
DA:210,0
DA:214,0
DA:220,0
DA:224,0
DA:232,0
DA:233,0
DA:240,0
DA:250,0
DA:251,0
DA:260,0
DA:261,0
DA:262,0
DA:264,0
DA:272,0
DA:285,0
DA:294,0
DA:299,0
DA:303,0
DA:304,0
DA:305,0
DA:309,0
DA:310,0
DA:314,0
DA:315,0
DA:319,0
DA:320,0
DA:324,0
DA:325,0
DA:329,0
DA:335,0
DA:336,0
DA:337,0
DA:338,0
LF:74
LH:5
BRDA:58,0,0,0
BRDA:63,1,0,0
BRDA:116,2,0,0
BRDA:152,3,0,0
BRDA:152,3,1,0
BRDA:152,3,2,0
BRDA:152,3,3,0
BRDA:152,3,4,0
BRDA:190,4,0,0
BRDA:190,4,1,0
BRDA:191,5,0,0
BRDA:191,5,1,0
BRDA:192,6,0,0
BRDA:192,6,1,0
BRDA:193,7,0,0
BRDA:193,7,1,0
BRDA:220,8,0,0
BRDA:220,8,1,0
BRDA:234,9,0,0
BRDA:234,9,1,0
BRDA:235,10,0,0
BRDA:235,10,1,0
BRDA:252,11,0,0
BRDA:252,11,1,0
BRDA:253,12,0,0
BRDA:253,12,1,0
BRDA:254,13,0,0
BRDA:254,13,1,0
BRDA:260,14,0,0
BRDA:260,14,1,0
BRDA:261,15,0,0
BRDA:261,15,1,0
BRDA:262,16,0,0
BRDA:262,16,1,0
BRDA:309,17,0,0
BRDA:309,17,1,0
BRDA:314,18,0,0
BRDA:314,18,1,0
BRDA:324,19,0,0
BRDA:324,19,1,0
BRDA:337,20,0,0
BRF:41
BRH:0
end_of_record
TN:
SF:src/services/carrier-service.ts
FN:8,(anonymous_1)
FN:25,(anonymous_2)
FN:45,(anonymous_3)
FN:75,(anonymous_4)
FN:93,(anonymous_5)
FN:102,(anonymous_6)
FN:106,(anonymous_7)
FNF:7
FNH:6
FNDA:6,(anonymous_1)
FNDA:5,(anonymous_2)
FNDA:1,(anonymous_3)
FNDA:3,(anonymous_4)
FNDA:2,(anonymous_5)
FNDA:1,(anonymous_6)
FNDA:0,(anonymous_7)
DA:1,1
DA:2,1
DA:4,1
DA:9,6
DA:11,6
DA:12,0
DA:15,6
DA:26,5
DA:27,5
DA:29,5
DA:36,2
DA:39,2
DA:45,1
DA:55,2
DA:56,2
DA:59,3
DA:61,3
DA:62,0
DA:63,0
DA:64,0
DA:65,0
DA:66,0
DA:67,0
DA:71,3
DA:77,3
DA:90,3
DA:94,2
DA:95,2
DA:96,1
DA:98,1
DA:103,1
DA:104,1
DA:106,0
DA:111,1
DA:112,1
LF:35
LH:27
BRDA:9,0,0,6
BRDA:9,0,1,0
BRDA:11,1,0,0
BRDA:45,2,0,2
BRDA:45,2,1,1
BRDA:48,3,0,1
BRDA:48,3,1,0
BRDA:51,4,0,1
BRDA:51,4,1,0
BRDA:61,5,0,0
BRDA:62,6,0,0
BRDA:62,6,1,0
BRDA:64,7,0,0
BRDA:64,7,1,0
BRDA:66,8,0,0
BRDA:71,9,0,1
BRDA:71,9,1,2
BRDA:90,10,0,3
BRDA:90,10,1,0
BRF:19
BRH:8
end_of_record
TN:
SF:src/services/delay-detection-service.ts
FN:7,(anonymous_0)
FN:11,(anonymous_1)
FN:43,(anonymous_2)
FN:67,(anonymous_3)
FN:80,(anonymous_4)
FN:95,(anonymous_5)
FN:121,(anonymous_6)
FN:125,(anonymous_7)
FNF:8
FNH:7
FNDA:8,(anonymous_0)
FNDA:7,(anonymous_1)
FNDA:6,(anonymous_2)
FNDA:2,(anonymous_3)
FNDA:0,(anonymous_4)
FNDA:2,(anonymous_5)
FNDA:2,(anonymous_6)
FNDA:1,(anonymous_7)
DA:2,1
DA:4,1
DA:8,8
DA:12,7
DA:14,7
DA:17,7
DA:19,4
DA:20,1
DA:30,6
DA:32,6
DA:35,0
DA:36,0
DA:48,6
DA:49,4
DA:53,2
DA:54,2
DA:55,0
DA:59,2
DA:60,2
DA:61,1
DA:64,1
DA:68,2
DA:69,2
DA:73,0
DA:74,0
DA:76,0
DA:77,0
DA:78,0
DA:80,0
DA:81,0
DA:83,0
DA:92,0
DA:96,2
DA:97,1
DA:100,1
DA:101,1
DA:104,1
DA:107,1
DA:109,1
DA:118,0
DA:122,2
DA:126,1
LF:42
LH:29
BRDA:7,0,0,0
BRDA:17,1,0,4
BRDA:17,2,0,7
BRDA:17,2,1,5
BRDA:19,3,0,1
BRDA:38,4,0,0
BRDA:38,4,1,0
BRDA:48,5,0,4
BRDA:54,6,0,0
BRDA:60,7,0,1
BRDA:68,8,0,2
BRDA:68,9,0,2
BRDA:68,9,1,2
BRDA:80,10,0,0
BRDA:81,11,0,0
BRDA:81,11,1,0
BRDA:96,12,0,1
BRDA:104,13,0,1
BRDA:104,14,0,1
BRDA:104,14,1,1
BRF:20
BRH:13
end_of_record
TN:
SF:src/services/delay-detection.ts
FN:5,checkForDelays
FNF:1
FNH:1
FNDA:12,checkForDelays
DA:5,2
DA:7,12
DA:8,2
DA:16,10
DA:17,1
DA:26,9
DA:27,7
DA:28,7
DA:30,7
DA:31,5
DA:32,5
DA:43,4
DA:44,2
DA:50,2
LF:14
LH:14
BRDA:7,0,0,2
BRDA:16,1,0,1
BRDA:26,2,0,7
BRDA:26,3,0,9
BRDA:26,3,1,7
BRDA:30,4,0,5
BRDA:43,5,0,2
BRDA:43,6,0,4
BRDA:43,6,1,2
BRF:9
BRH:9
end_of_record
TN:
SF:src/services/email-service.ts
FN:7,(anonymous_1)
FN:12,(anonymous_2)
FNF:2
FNH:0
FNDA:0,(anonymous_1)
FNDA:0,(anonymous_2)
DA:1,1
DA:4,1
DA:8,0
DA:9,0
DA:13,0
DA:28,0
DA:29,0
DA:31,0
LF:8
LH:2
BRF:0
BRH:0
end_of_record
TN:
SF:src/services/monitoring-service.ts
FN:92,(anonymous_0)
FN:97,(anonymous_1)
FN:119,(anonymous_2)
FN:186,(anonymous_3)
FN:226,(anonymous_4)
FN:234,(anonymous_5)
FN:237,(anonymous_6)
FN:238,(anonymous_7)
FN:250,(anonymous_8)
FN:275,(anonymous_9)
FN:300,(anonymous_10)
FN:337,(anonymous_11)
FN:375,(anonymous_12)
FN:387,(anonymous_13)
FN:397,(anonymous_14)
FN:426,(anonymous_15)
FN:446,(anonymous_16)
FN:485,(anonymous_17)
FN:503,(anonymous_18)
FN:514,(anonymous_19)
FN:538,(anonymous_20)
FNF:21
FNH:0
FNDA:0,(anonymous_0)
FNDA:0,(anonymous_1)
FNDA:0,(anonymous_2)
FNDA:0,(anonymous_3)
FNDA:0,(anonymous_4)
FNDA:0,(anonymous_5)
FNDA:0,(anonymous_6)
FNDA:0,(anonymous_7)
FNDA:0,(anonymous_8)
FNDA:0,(anonymous_9)
FNDA:0,(anonymous_10)
FNDA:0,(anonymous_11)
FNDA:0,(anonymous_12)
FNDA:0,(anonymous_13)
FNDA:0,(anonymous_14)
FNDA:0,(anonymous_15)
FNDA:0,(anonymous_16)
FNDA:0,(anonymous_17)
FNDA:0,(anonymous_18)
FNDA:0,(anonymous_19)
FNDA:0,(anonymous_20)
DA:1,0
DA:2,0
DA:85,0
DA:88,0
DA:89,0
DA:90,0
DA:93,0
DA:94,0
DA:98,0
DA:101,0
DA:102,0
DA:105,0
DA:106,0
DA:109,0
DA:110,0
DA:113,0
DA:114,0
DA:116,0
DA:120,0
DA:121,0
DA:124,0
DA:125,0
DA:128,0
DA:129,0
DA:130,0
DA:133,0
DA:134,0
DA:137,0
DA:140,0
DA:142,0
DA:171,0
DA:172,0
DA:173,0
DA:177,0
DA:183,0
DA:187,0
DA:188,0
DA:190,0
DA:191,0
DA:193,0
DA:194,0
DA:196,0
DA:197,0
DA:198,0
DA:199,0
DA:201,0
DA:202,0
DA:214,0
DA:215,0
DA:218,0
DA:223,0
DA:232,0
DA:233,0
DA:234,0
DA:237,0
DA:238,0
DA:240,0
DA:241,0
DA:242,0
DA:243,0
DA:244,0
DA:247,0
DA:251,0
DA:253,0
DA:254,0
DA:255,0
DA:257,0
DA:265,0
DA:276,0
DA:278,0
DA:279,0
DA:280,0
DA:282,0
DA:290,0
DA:301,0
DA:302,0
DA:308,0
DA:309,0
DA:311,0
DA:313,0
DA:314,0
DA:316,0
DA:324,0
DA:334,0
DA:338,0
DA:340,0
DA:342,0
DA:343,0
DA:344,0
DA:346,0
DA:347,0
DA:348,0
DA:349,0
DA:350,0
DA:353,0
DA:365,0
DA:376,0
DA:377,0
DA:383,0
DA:388,0
DA:389,0
DA:390,0
DA:391,0
DA:393,0
DA:401,0
DA:402,0
DA:403,0
DA:404,0
DA:406,0
DA:408,0
DA:419,0
DA:432,0
DA:448,0
DA:486,0
DA:487,0
DA:489,0
DA:490,0
DA:492,0
DA:493,0
DA:494,0
DA:496,0
DA:500,0
DA:504,0
DA:505,0
DA:506,0
DA:507,0
DA:508,0
DA:509,0
DA:510,0
DA:516,0
DA:519,0
DA:520,0
DA:534,0
DA:539,0
LF:134
LH:0
BRDA:125,0,0,0
BRDA:125,0,1,0
BRDA:172,1,0,0
BRDA:191,2,0,0
BRDA:194,3,0,0
BRDA:197,4,0,0
BRDA:201,5,0,0
BRDA:233,6,0,0
BRDA:233,6,1,0
BRDA:241,7,0,0
BRDA:241,7,1,0
BRDA:243,8,0,0
BRDA:259,9,0,0
BRDA:259,9,1,0
BRDA:270,10,0,0
BRDA:270,10,1,0
BRDA:284,11,0,0
BRDA:284,11,1,0
BRDA:295,12,0,0
BRDA:295,12,1,0
BRDA:318,13,0,0
BRDA:318,13,1,0
BRDA:318,14,0,0
BRDA:318,14,1,0
BRDA:329,15,0,0
BRDA:329,15,1,0
BRDA:347,16,0,0
BRDA:347,16,1,0
BRDA:349,17,0,0
BRDA:370,18,0,0
BRDA:370,18,1,0
BRDA:403,19,0,0
BRDA:403,19,1,0
BRDA:404,20,0,0
BRDA:404,20,1,0
BRDA:487,21,0,0
BRDA:493,22,0,0
BRDA:493,22,1,0
BRDA:493,23,0,0
BRDA:493,23,1,0
BRDA:493,23,2,0
BRDA:500,24,0,0
BRDA:500,24,1,0
BRDA:504,25,0,0
BRDA:504,25,1,0
BRDA:504,25,2,0
BRDA:504,25,3,0
BRDA:504,25,4,0
BRDA:504,25,5,0
BRF:49
BRH:0
end_of_record
TN:
SF:src/services/notification-service.ts
FN:4,(anonymous_0)
FN:9,(anonymous_1)
FNF:2
FNH:2
FNDA:4,(anonymous_0)
FNDA:4,(anonymous_1)
DA:3,1
DA:5,4
DA:6,4
DA:10,4
DA:11,1
DA:14,3
DA:16,3
DA:17,2
DA:22,3
DA:23,2
DA:28,3
LF:11
LH:11
BRDA:10,0,0,1
BRDA:10,1,0,4
BRDA:10,1,1,2
BRDA:16,2,0,2
BRDA:22,3,0,2
BRF:5
BRH:5
end_of_record
TN:
SF:src/services/optimized-api.ts
FN:17,(anonymous_0)
FN:22,(anonymous_1)
FN:75,(anonymous_2)
FN:130,(anonymous_3)
FN:189,(anonymous_4)
FN:248,(anonymous_5)
FN:308,(anonymous_6)
FN:343,(anonymous_7)
FNF:8
FNH:0
FNDA:0,(anonymous_0)
FNDA:0,(anonymous_1)
FNDA:0,(anonymous_2)
FNDA:0,(anonymous_3)
FNDA:0,(anonymous_4)
FNDA:0,(anonymous_5)
FNDA:0,(anonymous_6)
FNDA:0,(anonymous_7)
DA:1,0
DA:2,0
DA:13,0
DA:18,0
DA:19,0
DA:23,0
DA:25,0
DA:27,0
DA:28,0
DA:30,0
DA:31,0
DA:40,0
DA:41,0
DA:42,0
DA:49,0
DA:50,0
DA:58,0
DA:60,0
DA:67,0
DA:76,0
DA:78,0
DA:79,0
DA:80,0
DA:81,0
DA:89,0
DA:113,0
DA:114,0
DA:116,0
DA:122,0
DA:131,0
DA:133,0
DA:134,0
DA:135,0
DA:136,0
DA:143,0
DA:144,0
DA:147,0
DA:148,0
DA:149,0
DA:158,0
DA:159,0
DA:161,0
DA:172,0
DA:174,0
DA:181,0
DA:190,0
DA:192,0
DA:193,0
DA:194,0
DA:195,0
DA:202,0
DA:203,0
DA:206,0
DA:207,0
DA:208,0
DA:217,0
DA:218,0
DA:220,0
DA:231,0
DA:233,0
DA:240,0
DA:249,0
DA:251,0
DA:252,0
DA:253,0
DA:254,0
DA:261,0
DA:264,0
DA:265,0
DA:266,0
DA:275,0
DA:282,0
DA:291,0
DA:293,0
DA:300,0
DA:309,0
DA:311,0
DA:312,0
DA:313,0
DA:314,0
DA:322,0
DA:329,0
DA:335,0
DA:344,0
LF:84
LH:0
BRDA:30,0,0,0
BRDA:41,1,0,0
BRDA:50,2,0,0
BRDA:50,2,1,0
BRDA:69,3,0,0
BRDA:69,3,1,0
BRDA:80,4,0,0
BRDA:124,5,0,0
BRDA:124,5,1,0
BRDA:130,6,0,0
BRDA:130,7,0,0
BRDA:135,8,0,0
BRDA:148,9,0,0
BRDA:183,10,0,0
BRDA:183,10,1,0
BRDA:189,11,0,0
BRDA:189,12,0,0
BRDA:194,13,0,0
BRDA:207,14,0,0
BRDA:242,15,0,0
BRDA:242,15,1,0
BRDA:253,16,0,0
BRDA:265,17,0,0
BRDA:302,18,0,0
BRDA:302,18,1,0
BRDA:313,19,0,0
BRDA:337,20,0,0
BRDA:337,20,1,0
BRF:28
BRH:0
end_of_record
TN:
SF:src/services/optimized-database.ts
FN:17,(anonymous_0)
FN:32,(anonymous_1)
FN:37,(anonymous_2)
FN:97,(anonymous_3)
FN:110,(anonymous_4)
FN:128,(anonymous_5)
FN:148,(anonymous_6)
FN:152,(anonymous_7)
FN:156,(anonymous_8)
FN:169,(anonymous_9)
FN:179,(anonymous_10)
FN:189,(anonymous_11)
FN:206,(anonymous_12)
FN:226,(anonymous_13)
FN:239,(anonymous_14)
FN:252,(anonymous_15)
FN:265,(anonymous_16)
FN:275,(anonymous_17)
FN:284,(anonymous_18)
FN:294,(anonymous_19)
FNF:20
FNH:0
FNDA:0,(anonymous_0)
FNDA:0,(anonymous_1)
FNDA:0,(anonymous_2)
FNDA:0,(anonymous_3)
FNDA:0,(anonymous_4)
FNDA:0,(anonymous_5)
FNDA:0,(anonymous_6)
FNDA:0,(anonymous_7)
FNDA:0,(anonymous_8)
FNDA:0,(anonymous_9)
FNDA:0,(anonymous_10)
FNDA:0,(anonymous_11)
FNDA:0,(anonymous_12)
FNDA:0,(anonymous_13)
FNDA:0,(anonymous_14)
FNDA:0,(anonymous_15)
FNDA:0,(anonymous_16)
FNDA:0,(anonymous_17)
FNDA:0,(anonymous_18)
FNDA:0,(anonymous_19)
DA:1,0
DA:11,0
DA:13,0
DA:14,0
DA:15,0
DA:18,0
DA:32,0
DA:33,0
DA:47,0
DA:49,0
DA:52,0
DA:53,0
DA:54,0
DA:55,0
DA:59,0
DA:61,0
DA:62,0
DA:64,0
DA:65,0
DA:68,0
DA:70,0
DA:71,0
DA:72,0
DA:75,0
DA:76,0
DA:80,0
DA:81,0
DA:84,0
DA:87,0
DA:90,0
DA:91,0
DA:95,0
DA:96,0
DA:97,0
DA:101,0
DA:102,0
DA:107,0
DA:113,0
DA:115,0
DA:116,0
DA:117,0
DA:118,0
DA:119,0
DA:121,0
DA:122,0
DA:124,0
DA:132,0
DA:134,0
DA:135,0
DA:137,0
DA:138,0
DA:139,0
DA:142,0
DA:144,0
DA:149,0
DA:153,0
DA:161,0
DA:170,0
DA:176,0
DA:180,0
DA:186,0
DA:190,0
DA:203,0
DA:207,0
DA:223,0
DA:227,0
DA:228,0
DA:230,0
DA:231,0
DA:232,0
DA:235,0
DA:236,0
DA:240,0
DA:241,0
DA:243,0
DA:244,0
DA:245,0
DA:248,0
DA:249,0
DA:253,0
DA:254,0
DA:255,0
DA:258,0
DA:259,0
DA:262,0
DA:267,0
DA:268,0
DA:271,0
DA:272,0
DA:276,0
DA:277,0
DA:278,0
DA:279,0
DA:285,0
DA:293,0
DA:294,0
LF:96
LH:0
BRDA:39,0,0,0
BRDA:40,1,0,0
BRDA:43,2,0,0
BRDA:44,3,0,0
BRDA:45,4,0,0
BRDA:46,5,0,0
BRDA:49,6,0,0
BRDA:49,6,1,0
BRDA:52,7,0,0
BRDA:52,8,0,0
BRDA:52,8,1,0
BRDA:54,9,0,0
BRDA:75,10,0,0
BRDA:80,11,0,0
BRDA:80,12,0,0
BRDA:80,12,1,0
BRDA:90,13,0,0
BRDA:95,14,0,0
BRDA:101,15,0,0
BRDA:107,16,0,0
BRDA:107,16,1,0
BRDA:130,17,0,0
BRDA:137,18,0,0
BRDA:176,19,0,0
BRDA:176,19,1,0
BRDA:186,20,0,0
BRDA:186,20,1,0
BRDA:189,21,0,0
BRDA:189,22,0,0
BRDA:206,23,0,0
BRDA:206,24,0,0
BRDA:230,25,0,0
BRDA:243,26,0,0
BRDA:254,27,0,0
BRDA:254,28,0,0
BRDA:254,28,1,0
BRDA:258,29,0,0
BRDA:267,30,0,0
BRDA:278,31,0,0
BRF:39
BRH:0
end_of_record
TN:
SF:src/services/performance-monitor.ts
FN:20,(anonymous_0)
FN:24,(anonymous_1)
FN:43,(anonymous_2)
FN:62,(anonymous_3)
FN:65,(anonymous_4)
FN:66,(anonymous_5)
FN:67,(anonymous_6)
FN:86,(anonymous_7)
FN:106,(anonymous_8)
FN:132,(anonymous_9)
FN:136,(anonymous_10)
FN:144,(anonymous_11)
FN:146,(anonymous_12)
FN:149,(anonymous_13)
FN:155,(anonymous_14)
FN:160,(anonymous_15)
FN:165,(anonymous_16)
FN:170,(anonymous_17)
FN:184,(anonymous_18)
FN:197,(anonymous_19)
FN:230,(anonymous_20)
FN:234,(anonymous_21)
FN:235,(anonymous_22)
FN:238,(anonymous_23)
FNF:24
FNH:0
FNDA:0,(anonymous_0)
FNDA:0,(anonymous_1)
FNDA:0,(anonymous_2)
FNDA:0,(anonymous_3)
FNDA:0,(anonymous_4)
FNDA:0,(anonymous_5)
FNDA:0,(anonymous_6)
FNDA:0,(anonymous_7)
FNDA:0,(anonymous_8)
FNDA:0,(anonymous_9)
FNDA:0,(anonymous_10)
FNDA:0,(anonymous_11)
FNDA:0,(anonymous_12)
FNDA:0,(anonymous_13)
FNDA:0,(anonymous_14)
FNDA:0,(anonymous_15)
FNDA:0,(anonymous_16)
FNDA:0,(anonymous_17)
FNDA:0,(anonymous_18)
FNDA:0,(anonymous_19)
FNDA:0,(anonymous_20)
FNDA:0,(anonymous_21)
FNDA:0,(anonymous_22)
FNDA:0,(anonymous_23)
DA:1,0
DA:15,0
DA:17,0
DA:18,0
DA:21,0
DA:25,0
DA:26,0
DA:29,0
DA:37,0
DA:40,0
DA:44,0
DA:45,0
DA:47,0
DA:48,0
DA:49,0
DA:50,0
DA:51,0
DA:53,0
DA:54,0
DA:55,0
DA:56,0
DA:57,0
DA:60,0
DA:61,0
DA:62,0
DA:65,0
DA:66,0
DA:67,0
DA:71,0
DA:72,0
DA:74,0
DA:94,0
DA:96,0
DA:111,0
DA:112,0
DA:114,0
DA:115,0
DA:118,0
DA:119,0
DA:121,0
DA:122,0
DA:123,0
DA:125,0
DA:126,0
DA:127,0
DA:131,0
DA:132,0
DA:135,0
DA:136,0
DA:139,0
DA:141,0
DA:145,0
DA:146,0
DA:150,0
DA:151,0
DA:152,0
DA:156,0
DA:157,0
DA:161,0
DA:162,0
DA:166,0
DA:167,0
DA:171,0
DA:172,0
DA:175,0
DA:176,0
DA:179,0
DA:180,0
DA:185,0
DA:186,0
DA:187,0
DA:189,0
DA:190,0
DA:191,0
DA:193,0
DA:203,0
DA:204,0
DA:211,0
DA:213,0
DA:215,0
DA:216,0
DA:217,0
DA:218,0
DA:220,0
DA:221,0
DA:230,0
DA:235,0
DA:236,0
DA:238,0
DA:239,0
DA:240,0
DA:242,0
DA:243,0
DA:244,0
DA:246,0
DA:247,0
DA:249,0
DA:250,0
DA:251,0
LF:99
LH:0
BRDA:33,0,0,0
BRDA:33,0,1,0
BRDA:53,1,0,0
BRDA:53,1,1,0
BRDA:114,2,0,0
BRDA:122,3,0,0
BRDA:122,3,1,0
BRDA:125,4,0,0
BRDA:131,5,0,0
BRDA:131,5,1,0
BRDA:135,6,0,0
BRDA:135,6,1,0
BRDA:156,7,0,0
BRDA:156,7,1,0
BRDA:161,8,0,0
BRDA:161,8,1,0
BRDA:171,9,0,0
BRDA:179,10,0,0
BRDA:185,11,0,0
BRDA:185,11,1,0
BRDA:190,12,0,0
BRDA:197,13,0,0
BRDA:216,14,0,0
BRDA:216,14,1,0
BRDA:217,15,0,0
BRDA:217,15,1,0
BRDA:220,16,0,0
BRDA:220,17,0,0
BRDA:220,17,1,0
BRDA:224,18,0,0
BRDA:224,18,1,0
BRDA:225,19,0,0
BRDA:225,19,1,0
BRDA:250,20,0,0
BRF:34
BRH:0
end_of_record
TN:
SF:src/services/sms-service.ts
FN:8,(anonymous_1)
FN:13,(anonymous_2)
FNF:2
FNH:0
FNDA:0,(anonymous_1)
FNDA:0,(anonymous_2)
DA:1,1
DA:4,1
DA:9,0
DA:10,0
DA:14,0
DA:16,0
DA:17,0
DA:23,0
LF:8
LH:2
BRF:0
BRH:0
end_of_record
TN:
SF:src/types/index.ts
FN:95,(anonymous_0)
FN:108,(anonymous_1)
FN:116,(anonymous_2)
FN:122,(anonymous_3)
FN:128,(anonymous_4)
FN:134,(anonymous_5)
FN:140,(anonymous_6)
FN:146,(anonymous_7)
FNF:8
FNH:2
FNDA:3,(anonymous_0)
FNDA:0,(anonymous_1)
FNDA:0,(anonymous_2)
FNDA:0,(anonymous_3)
FNDA:0,(anonymous_4)
FNDA:0,(anonymous_5)
FNDA:0,(anonymous_6)
FNDA:3,(anonymous_7)
DA:94,1
DA:97,3
DA:98,3
DA:99,3
DA:101,3
DA:102,3
DA:103,3
DA:107,1
DA:109,0
DA:110,0
DA:115,1
DA:117,0
DA:121,1
DA:123,0
DA:127,1
DA:129,0
DA:133,1
DA:135,0
DA:139,1
DA:141,0
DA:145,1
DA:147,3
DA:148,3
LF:23
LH:16
BRDA:97,0,0,0
BRDA:99,1,0,3
BRDA:122,2,0,0
BRDA:128,3,0,0
BRDA:140,4,0,0
BRF:5
BRH:1
end_of_record
TN:
SF:src/utils/monitoring.ts
FN:34,(anonymous_9)
FN:44,(anonymous_10)
FN:67,(anonymous_11)
FN:88,(anonymous_12)
FN:89,(anonymous_13)
FN:92,(anonymous_14)
FN:118,(anonymous_15)
FN:152,(anonymous_16)
FN:178,(anonymous_17)
FN:191,(anonymous_18)
FN:203,(anonymous_19)
FN:222,(anonymous_20)
FN:244,(anonymous_21)
FN:253,(anonymous_22)
FN:255,(anonymous_23)
FN:263,(anonymous_24)
FN:266,(anonymous_25)
FN:275,(anonymous_26)
FN:277,(anonymous_27)
FN:285,(anonymous_28)
FN:295,(anonymous_29)
FN:299,(anonymous_30)
FN:301,(anonymous_31)
FN:307,(anonymous_32)
FN:325,(anonymous_33)
FN:333,(anonymous_34)
FN:338,(anonymous_35)
FN:348,(anonymous_36)
FNF:28
FNH:0
FNDA:0,(anonymous_9)
FNDA:0,(anonymous_10)
FNDA:0,(anonymous_11)
FNDA:0,(anonymous_12)
FNDA:0,(anonymous_13)
FNDA:0,(anonymous_14)
FNDA:0,(anonymous_15)
FNDA:0,(anonymous_16)
FNDA:0,(anonymous_17)
FNDA:0,(anonymous_18)
FNDA:0,(anonymous_19)
FNDA:0,(anonymous_20)
FNDA:0,(anonymous_21)
FNDA:0,(anonymous_22)
FNDA:0,(anonymous_23)
FNDA:0,(anonymous_24)
FNDA:0,(anonymous_25)
FNDA:0,(anonymous_26)
FNDA:0,(anonymous_27)
FNDA:0,(anonymous_28)
FNDA:0,(anonymous_29)
FNDA:0,(anonymous_30)
FNDA:0,(anonymous_31)
FNDA:0,(anonymous_32)
FNDA:0,(anonymous_33)
FNDA:0,(anonymous_34)
FNDA:0,(anonymous_35)
FNDA:0,(anonymous_36)
DA:1,0
DA:30,0
DA:31,0
DA:35,0
DA:45,0
DA:57,0
DA:60,0
DA:63,0
DA:68,0
DA:76,0
DA:79,0
DA:80,0
DA:84,0
DA:89,0
DA:90,0
DA:92,0
DA:93,0
DA:94,0
DA:95,0
DA:97,0
DA:98,0
DA:99,0
DA:101,0
DA:102,0
DA:103,0
DA:105,0
DA:106,0
DA:107,0
DA:133,0
DA:140,0
DA:142,0
DA:144,0
DA:153,0
DA:154,0
DA:155,0
DA:158,0
DA:159,0
DA:168,0
DA:169,0
DA:180,0
DA:181,0
DA:190,0
DA:191,0
DA:193,0
DA:194,0
DA:204,0
DA:206,0
DA:208,0
DA:209,0
DA:211,0
DA:212,0
DA:214,0
DA:215,0
DA:217,0
DA:218,0
DA:223,0
DA:224,0
DA:240,0
DA:245,0
DA:246,0
DA:247,0
DA:249,0
DA:254,0
DA:255,0
DA:256,0
DA:257,0
DA:259,0
DA:264,0
DA:266,0
DA:267,0
DA:268,0
DA:269,0
DA:271,0
DA:276,0
DA:277,0
DA:278,0
DA:279,0
DA:281,0
DA:291,0
DA:292,0
DA:295,0
DA:296,0
DA:299,0
DA:300,0
DA:301,0
DA:305,0
DA:306,0
DA:307,0
DA:308,0
DA:309,0
DA:311,0
DA:315,0
DA:317,0
DA:329,0
DA:330,0
DA:333,0
DA:334,0
DA:338,0
DA:342,0
DA:345,0
DA:349,0
DA:353,0
DA:354,0
DA:359,0
DA:365,0
DA:368,0
LF:106
LH:0
BRDA:44,0,0,0
BRDA:79,1,0,0
BRDA:153,2,0,0
BRDA:153,2,1,0
BRDA:154,3,0,0
BRDA:154,3,1,0
BRDA:158,4,0,0
BRDA:168,5,0,0
BRDA:180,6,0,0
BRDA:193,7,0,0
BRDA:206,8,0,0
BRDA:206,8,1,0
BRDA:206,8,2,0
BRDA:206,8,3,0
BRDA:300,9,0,0
BRDA:300,9,1,0
BRDA:333,10,0,0
BRDA:338,11,0,0
BRDA:338,12,0,0
BRDA:338,12,1,0
BRDA:338,12,2,0
BRDA:338,12,3,0
BRF:22
BRH:0
end_of_record
